
*** Running vivado
    with args -log BD_bidirec_5_0.vds -m64 -product Vivado -mode batch -messageDb vivado.pb -notrace -source BD_bidirec_5_0.tcl


****** Vivado v2022.2 (64-bit)
  **** SW Build 3671981 on Fri Oct 14 04:59:54 MDT 2022
  **** IP Build 3669848 on Fri Oct 14 08:30:02 MDT 2022
    ** Copyright 1986-2022 Xilinx, Inc. All Rights Reserved.

source BD_bidirec_5_0.tcl -notrace
create_project: Time (s): cpu = 00:00:11 ; elapsed = 00:00:48 . Memory (MB): peak = 1296.219 ; gain = 0.023 ; free physical = 66 ; free virtual = 866
INFO: [IP_Flow 19-234] Refreshing IP repositories
INFO: [IP_Flow 19-1704] No user IP repositories specified
INFO: [IP_Flow 19-2313] Loaded Vivado IP repository '/tools/Xilinx/Vivado/2022.2/data/ip'.
INFO: [IP_Flow 19-6924] IPCACHE: Running cache check for IP inst: BD_bidirec_5_0
Command: synth_design -top BD_bidirec_5_0 -part xc7a100tcsg324-1 -incremental_mode off -mode out_of_context
Starting synth_design
Attempting to get a license for feature 'Synthesis' and/or device 'xc7a100t'
INFO: [Common 17-349] Got license for feature 'Synthesis' and/or device 'xc7a100t'
INFO: [Designutils 20-5008] Incremental synthesis strategy off
INFO: [Synth 8-7079] Multithreading enabled for synth_design using a maximum of 4 processes.
INFO: [Synth 8-7078] Launching helper process for spawning children vivado processes
INFO: [Synth 8-7075] Helper process launched with PID 49123
INFO: [Synth 8-11241] undeclared symbol 'REGCCE', assumed default net type 'wire' [/tools/Xilinx/Vivado/2022.2/data/verilog/src/unimacro/BRAM_SINGLE_MACRO.v:2170]
---------------------------------------------------------------------------------
Starting Synthesize : Time (s): cpu = 00:00:11 ; elapsed = 00:00:18 . Memory (MB): peak = 1696.770 ; gain = 377.738 ; free physical = 145 ; free virtual = 583
Synthesis current peak Physical Memory [PSS] (MB): peak = 852.135; parent = 725.738; children = 126.396
Synthesis current peak Virtual Memory [VSS] (MB): peak = 2664.461; parent = 1699.738; children = 964.723
---------------------------------------------------------------------------------
INFO: [Synth 8-6157] synthesizing module 'BD_bidirec_5_0' [/home/fchacon/RVfpgaSoC/LabProjects/Lab1/Lab1.gen/sources_1/bd/BD/ip/BD_bidirec_5_0/synth/BD_bidirec_5_0.v:53]
INFO: [Synth 8-6157] synthesizing module 'bidirec' [/home/fchacon/RVfpgaSoC/LabProjects/Lab1/Lab1.srcs/sources_1/imports/src/SweRVolfSoC/bidir.v:26]
INFO: [Synth 8-6155] done synthesizing module 'bidirec' (0#1) [/home/fchacon/RVfpgaSoC/LabProjects/Lab1/Lab1.srcs/sources_1/imports/src/SweRVolfSoC/bidir.v:26]
INFO: [Synth 8-6155] done synthesizing module 'BD_bidirec_5_0' (0#1) [/home/fchacon/RVfpgaSoC/LabProjects/Lab1/Lab1.gen/sources_1/bd/BD/ip/BD_bidirec_5_0/synth/BD_bidirec_5_0.v:53]
---------------------------------------------------------------------------------
Finished Synthesize : Time (s): cpu = 00:00:15 ; elapsed = 00:00:23 . Memory (MB): peak = 1764.707 ; gain = 445.676 ; free physical = 87 ; free virtual = 313
Synthesis current peak Physical Memory [PSS] (MB): peak = 906.354; parent = 786.759; children = 126.396
Synthesis current peak Virtual Memory [VSS] (MB): peak = 2729.430; parent = 1764.707; children = 964.723
---------------------------------------------------------------------------------
---------------------------------------------------------------------------------
Finished Constraint Validation : Time (s): cpu = 00:00:15 ; elapsed = 00:00:24 . Memory (MB): peak = 1782.520 ; gain = 463.488 ; free physical = 70 ; free virtual = 189
Synthesis current peak Physical Memory [PSS] (MB): peak = 906.354; parent = 786.759; children = 126.396
Synthesis current peak Virtual Memory [VSS] (MB): peak = 2747.242; parent = 1782.520; children = 964.723
---------------------------------------------------------------------------------
---------------------------------------------------------------------------------
Start Loading Part and Timing Information
---------------------------------------------------------------------------------
Loading part: xc7a100tcsg324-1
---------------------------------------------------------------------------------
INFO: [Device 21-403] Loading part xc7a100tcsg324-1
Finished Loading Part and Timing Information : Time (s): cpu = 00:00:16 ; elapsed = 00:00:24 . Memory (MB): peak = 1790.523 ; gain = 471.492 ; free physical = 62 ; free virtual = 167
Synthesis current peak Physical Memory [PSS] (MB): peak = 906.354; parent = 786.759; children = 126.396
Synthesis current peak Virtual Memory [VSS] (MB): peak = 2755.246; parent = 1790.523; children = 964.723
---------------------------------------------------------------------------------
---------------------------------------------------------------------------------
Finished RTL Optimization Phase 2 : Time (s): cpu = 00:00:17 ; elapsed = 00:01:20 . Memory (MB): peak = 1798.531 ; gain = 479.500 ; free physical = 790 ; free virtual = 991
Synthesis current peak Physical Memory [PSS] (MB): peak = 906.354; parent = 786.759; children = 126.396
Synthesis current peak Virtual Memory [VSS] (MB): peak = 2763.254; parent = 1798.531; children = 964.723
---------------------------------------------------------------------------------
No constraint files found.
---------------------------------------------------------------------------------
Start RTL Component Statistics 
---------------------------------------------------------------------------------
Detailed RTL Component Info : 
---------------------------------------------------------------------------------
Finished RTL Component Statistics 
---------------------------------------------------------------------------------
---------------------------------------------------------------------------------
Start Part Resource Summary
---------------------------------------------------------------------------------
Part Resources:
DSPs: 240 (col length:80)
BRAMs: 270 (col length: RAMB18 80 RAMB36 40)
---------------------------------------------------------------------------------
Finished Part Resource Summary
---------------------------------------------------------------------------------
No constraint files found.
---------------------------------------------------------------------------------
Start Cross Boundary and Area Optimization
---------------------------------------------------------------------------------
WARNING: [Synth 8-7080] Parallel synthesis criteria is not met
---------------------------------------------------------------------------------
Finished Cross Boundary and Area Optimization : Time (s): cpu = 00:00:22 ; elapsed = 00:01:34 . Memory (MB): peak = 1924.781 ; gain = 605.750 ; free physical = 59 ; free virtual = 131
Synthesis current peak Physical Memory [PSS] (MB): peak = 967.299; parent = 897.294; children = 126.396
Synthesis current peak Virtual Memory [VSS] (MB): peak = 2889.504; parent = 1924.781; children = 964.723
---------------------------------------------------------------------------------
No constraint files found.
---------------------------------------------------------------------------------
Start Timing Optimization
---------------------------------------------------------------------------------
---------------------------------------------------------------------------------
Finished Timing Optimization : Time (s): cpu = 00:00:23 ; elapsed = 00:01:45 . Memory (MB): peak = 1924.781 ; gain = 605.750 ; free physical = 907 ; free virtual = 1222
Synthesis current peak Physical Memory [PSS] (MB): peak = 967.299; parent = 897.394; children = 126.396
Synthesis current peak Virtual Memory [VSS] (MB): peak = 2889.504; parent = 1924.781; children = 964.723
---------------------------------------------------------------------------------
---------------------------------------------------------------------------------
Start Technology Mapping
---------------------------------------------------------------------------------
---------------------------------------------------------------------------------
Finished Technology Mapping : Time (s): cpu = 00:00:23 ; elapsed = 00:01:45 . Memory (MB): peak = 1924.781 ; gain = 605.750 ; free physical = 773 ; free virtual = 1192
Synthesis current peak Physical Memory [PSS] (MB): peak = 968.245; parent = 898.413; children = 126.396
Synthesis current peak Virtual Memory [VSS] (MB): peak = 2889.504; parent = 1924.781; children = 964.723
---------------------------------------------------------------------------------
---------------------------------------------------------------------------------
Start IO Insertion
---------------------------------------------------------------------------------
---------------------------------------------------------------------------------
Start Flattening Before IO Insertion
---------------------------------------------------------------------------------
---------------------------------------------------------------------------------
Finished Flattening Before IO Insertion
---------------------------------------------------------------------------------
---------------------------------------------------------------------------------
Start Final Netlist Cleanup
---------------------------------------------------------------------------------
---------------------------------------------------------------------------------
Finished Final Netlist Cleanup
---------------------------------------------------------------------------------
CRITICAL WARNING: [Synth 8-5799] Converted tricell instance 'i_0' to logic
---------------------------------------------------------------------------------
Finished IO Insertion : Time (s): cpu = 00:00:27 ; elapsed = 00:01:52 . Memory (MB): peak = 1924.781 ; gain = 605.750 ; free physical = 389 ; free virtual = 1098
Synthesis current peak Physical Memory [PSS] (MB): peak = 968.245; parent = 898.413; children = 126.396
Synthesis current peak Virtual Memory [VSS] (MB): peak = 2889.504; parent = 1924.781; children = 964.723
---------------------------------------------------------------------------------
---------------------------------------------------------------------------------
Start Renaming Generated Instances
---------------------------------------------------------------------------------
---------------------------------------------------------------------------------
Finished Renaming Generated Instances : Time (s): cpu = 00:00:27 ; elapsed = 00:01:52 . Memory (MB): peak = 1924.781 ; gain = 605.750 ; free physical = 389 ; free virtual = 1099
Synthesis current peak Physical Memory [PSS] (MB): peak = 968.245; parent = 898.413; children = 126.396
Synthesis current peak Virtual Memory [VSS] (MB): peak = 2889.504; parent = 1924.781; children = 964.723
---------------------------------------------------------------------------------
---------------------------------------------------------------------------------
Start Rebuilding User Hierarchy
---------------------------------------------------------------------------------
---------------------------------------------------------------------------------
Finished Rebuilding User Hierarchy : Time (s): cpu = 00:00:27 ; elapsed = 00:01:52 . Memory (MB): peak = 1924.781 ; gain = 605.750 ; free physical = 380 ; free virtual = 1092
Synthesis current peak Physical Memory [PSS] (MB): peak = 968.245; parent = 898.413; children = 126.396
Synthesis current peak Virtual Memory [VSS] (MB): peak = 2889.504; parent = 1924.781; children = 964.723
---------------------------------------------------------------------------------
---------------------------------------------------------------------------------
Start Renaming Generated Ports
---------------------------------------------------------------------------------
---------------------------------------------------------------------------------
Finished Renaming Generated Ports : Time (s): cpu = 00:00:27 ; elapsed = 00:01:52 . Memory (MB): peak = 1924.781 ; gain = 605.750 ; free physical = 384 ; free virtual = 1100
Synthesis current peak Physical Memory [PSS] (MB): peak = 968.245; parent = 898.413; children = 126.396
Synthesis current peak Virtual Memory [VSS] (MB): peak = 2889.504; parent = 1924.781; children = 964.723
---------------------------------------------------------------------------------
---------------------------------------------------------------------------------
Start Handling Custom Attributes
---------------------------------------------------------------------------------
---------------------------------------------------------------------------------
Finished Handling Custom Attributes : Time (s): cpu = 00:00:27 ; elapsed = 00:01:52 . Memory (MB): peak = 1924.781 ; gain = 605.750 ; free physical = 367 ; free virtual = 1096
Synthesis current peak Physical Memory [PSS] (MB): peak = 968.245; parent = 898.413; children = 126.396
Synthesis current peak Virtual Memory [VSS] (MB): peak = 2889.504; parent = 1924.781; children = 964.723
---------------------------------------------------------------------------------
---------------------------------------------------------------------------------
Start Renaming Generated Nets
---------------------------------------------------------------------------------
---------------------------------------------------------------------------------
Finished Renaming Generated Nets : Time (s): cpu = 00:00:27 ; elapsed = 00:01:52 . Memory (MB): peak = 1924.781 ; gain = 605.750 ; free physical = 356 ; free virtual = 1086
Synthesis current peak Physical Memory [PSS] (MB): peak = 968.245; parent = 898.413; children = 126.396
Synthesis current peak Virtual Memory [VSS] (MB): peak = 2889.504; parent = 1924.781; children = 964.723
---------------------------------------------------------------------------------
---------------------------------------------------------------------------------
Start Writing Synthesis Report
---------------------------------------------------------------------------------

Report BlackBoxes: 
+-+--------------+----------+
| |BlackBox name |Instances |
+-+--------------+----------+
+-+--------------+----------+

Report Cell Usage: 
+------+-----+------+
|      |Cell |Count |
+------+-----+------+
|1     |LUT2 |     1|
+------+-----+------+

Report Instance Areas: 
+------+---------+-------+------+
|      |Instance |Module |Cells |
+------+---------+-------+------+
|1     |top      |       |     1|
+------+---------+-------+------+
---------------------------------------------------------------------------------
Finished Writing Synthesis Report : Time (s): cpu = 00:00:27 ; elapsed = 00:01:52 . Memory (MB): peak = 1924.781 ; gain = 605.750 ; free physical = 349 ; free virtual = 1080
Synthesis current peak Physical Memory [PSS] (MB): peak = 968.245; parent = 898.413; children = 126.396
Synthesis current peak Virtual Memory [VSS] (MB): peak = 2889.504; parent = 1924.781; children = 964.723
---------------------------------------------------------------------------------
Synthesis finished with 0 errors, 1 critical warnings and 1 warnings.
Synthesis Optimization Runtime : Time (s): cpu = 00:00:27 ; elapsed = 00:01:53 . Memory (MB): peak = 1924.781 ; gain = 605.750 ; free physical = 327 ; free virtual = 1061
Synthesis Optimization Complete : Time (s): cpu = 00:00:27 ; elapsed = 00:01:53 . Memory (MB): peak = 1924.789 ; gain = 605.750 ; free physical = 305 ; free virtual = 1041
INFO: [Project 1-571] Translating synthesized netlist
Netlist sorting complete. Time (s): cpu = 00:00:00 ; elapsed = 00:00:00 . Memory (MB): peak = 1927.750 ; gain = 0.000 ; free physical = 255 ; free virtual = 1001
INFO: [Project 1-570] Preparing netlist for logic optimization
INFO: [Opt 31-138] Pushed 0 inverter(s) to 0 load pin(s).
Netlist sorting complete. Time (s): cpu = 00:00:00 ; elapsed = 00:00:00 . Memory (MB): peak = 2014.312 ; gain = 0.000 ; free physical = 82 ; free virtual = 695
INFO: [Project 1-111] Unisim Transformation Summary:
No Unisim elements were transformed.

Synth Design complete, checksum: c41a7971
INFO: [Common 17-83] Releasing license: Synthesis
20 Infos, 1 Warnings, 1 Critical Warnings and 0 Errors encountered.
synth_design completed successfully
synth_design: Time (s): cpu = 00:00:36 ; elapsed = 00:01:57 . Memory (MB): peak = 2014.312 ; gain = 699.250 ; free physical = 89 ; free virtual = 623
INFO: [Timing 38-35] Done setting XDC timing constraints.
INFO: [Common 17-1381] The checkpoint '/home/fchacon/RVfpgaSoC/LabProjects/Lab1/Lab1.runs/BD_bidirec_5_0_synth_1/BD_bidirec_5_0.dcp' has been generated.
write_checkpoint: Time (s): cpu = 00:00:06 ; elapsed = 00:00:35 . Memory (MB): peak = 2315.395 ; gain = 301.082 ; free physical = 338 ; free virtual = 1093
INFO: [runtcl-6] Synthesis results are not added to the cache due to CRITICAL_WARNING
INFO: [Common 17-1381] The checkpoint '/home/fchacon/RVfpgaSoC/LabProjects/Lab1/Lab1.runs/BD_bidirec_5_0_synth_1/BD_bidirec_5_0.dcp' has been generated.
INFO: [runtcl-4] Executing : report_utilization -file BD_bidirec_5_0_utilization_synth.rpt -pb BD_bidirec_5_0_utilization_synth.pb
INFO: [Common 17-206] Exiting Vivado at Mon Feb 16 22:28:02 2026...
