
*** Running vivado
    with args -log BD_bidirec_0_11.vds -m64 -product Vivado -mode batch -messageDb vivado.pb -notrace -source BD_bidirec_0_11.tcl


****** Vivado v2025.2 (64-bit)
  **** SW Build 6299465 on Fri Nov 14 12:34:56 MST 2025
  **** IP Build 6300035 on Fri Nov 14 10:48:45 MST 2025
  **** SharedData Build 6298862 on Thu Nov 13 04:50:51 MST 2025
  **** Start of session at: Tue Feb 17 08:46:35 2026
    ** Copyright 1986-2022 Xilinx, Inc. All Rights Reserved.
    ** Copyright 2022-2025 Advanced Micro Devices, Inc. All Rights Reserved.

source BD_bidirec_0_11.tcl -notrace
create_project: Time (s): cpu = 00:00:19 ; elapsed = 00:00:07 . Memory (MB): peak = 1614.367 ; gain = 111.059 ; free physical = 20526 ; free virtual = 32220
INFO: [IP_Flow 19-234] Refreshing IP repositories
INFO: [IP_Flow 19-1704] No user IP repositories specified
INFO: [IP_Flow 19-2313] Loaded Vivado IP repository '/home/gost/Xilinx/2025.2/data/ip'.
Command: synth_design -top BD_bidirec_0_11 -part xc7a100tcsg324-1 -incremental_mode off -mode out_of_context
Starting synth_design
Attempting to get a license for feature 'Synthesis' and/or device 'xc7a100t'
INFO: [Common 17-349] Got license for feature 'Synthesis' and/or device 'xc7a100t'
INFO: [Designutils 20-5008] Incremental synthesis strategy off
INFO: [Synth 8-7079] Multithreading enabled for synth_design using a maximum of 7 processes.
INFO: [Synth 8-7078] Launching helper process for spawning children vivado processes
INFO: [Synth 8-7075] Helper process launched with PID 8221
---------------------------------------------------------------------------------
Starting Synthesize : Time (s): cpu = 00:00:06 ; elapsed = 00:00:06 . Memory (MB): peak = 2082.039 ; gain = 467.672 ; free physical = 14789 ; free virtual = 26492
---------------------------------------------------------------------------------
INFO: [Synth 8-6157] synthesizing module 'BD_bidirec_0_11' [/home/gost/Desktop/Repositories/RVfpgaSoC-Labs/Lab1/Lab1.gen/sources_1/bd/BD/ip/BD_bidirec_0_11/synth/BD_bidirec_0_11.v:53]
INFO: [Synth 8-6157] synthesizing module 'bidirec' [/home/gost/Desktop/Repositories/RVfpgaSoC-Labs/Lab1/Lab1.srcs/sources_1/imports/src/SweRVolfSoC/bidir.v:26]
INFO: [Synth 8-6155] done synthesizing module 'bidirec' (0#1) [/home/gost/Desktop/Repositories/RVfpgaSoC-Labs/Lab1/Lab1.srcs/sources_1/imports/src/SweRVolfSoC/bidir.v:26]
INFO: [Synth 8-6155] done synthesizing module 'BD_bidirec_0_11' (0#1) [/home/gost/Desktop/Repositories/RVfpgaSoC-Labs/Lab1/Lab1.gen/sources_1/bd/BD/ip/BD_bidirec_0_11/synth/BD_bidirec_0_11.v:53]
---------------------------------------------------------------------------------
Finished Synthesize : Time (s): cpu = 00:00:08 ; elapsed = 00:00:08 . Memory (MB): peak = 2166.977 ; gain = 552.609 ; free physical = 14102 ; free virtual = 25808
---------------------------------------------------------------------------------
---------------------------------------------------------------------------------
Finished Constraint Validation : Time (s): cpu = 00:00:08 ; elapsed = 00:00:09 . Memory (MB): peak = 2181.820 ; gain = 567.453 ; free physical = 13891 ; free virtual = 25600
---------------------------------------------------------------------------------
---------------------------------------------------------------------------------
Start Loading Part and Timing Information
---------------------------------------------------------------------------------
Loading part: xc7a100tcsg324-1
INFO: [Device 21-403] Loading part xc7a100tcsg324-1
---------------------------------------------------------------------------------
Finished Loading Part and Timing Information : Time (s): cpu = 00:00:08 ; elapsed = 00:00:09 . Memory (MB): peak = 2181.820 ; gain = 567.453 ; free physical = 13883 ; free virtual = 25592
---------------------------------------------------------------------------------
---------------------------------------------------------------------------------
Finished RTL Optimization Phase 2 : Time (s): cpu = 00:00:08 ; elapsed = 00:00:09 . Memory (MB): peak = 2187.758 ; gain = 573.391 ; free physical = 13868 ; free virtual = 25578
---------------------------------------------------------------------------------
No constraint files found.
---------------------------------------------------------------------------------
Start RTL Component Statistics 
---------------------------------------------------------------------------------
Detailed RTL Component Info : 
---------------------------------------------------------------------------------
Finished RTL Component Statistics 
---------------------------------------------------------------------------------
---------------------------------------------------------------------------------
Start Part Resource Summary
---------------------------------------------------------------------------------
Part Resources:
DSPs: 240 (col length:80)
BRAMs: 270 (col length: RAMB18 80 RAMB36 40)
---------------------------------------------------------------------------------
Finished Part Resource Summary
---------------------------------------------------------------------------------
No constraint files found.
---------------------------------------------------------------------------------
Start Cross Boundary and Area Optimization
---------------------------------------------------------------------------------
---------------------------------------------------------------------------------
Finished Cross Boundary and Area Optimization : Time (s): cpu = 00:00:11 ; elapsed = 00:00:11 . Memory (MB): peak = 2275.664 ; gain = 661.297 ; free physical = 13394 ; free virtual = 25128
---------------------------------------------------------------------------------
No constraint files found.
---------------------------------------------------------------------------------
Start Timing Optimization
---------------------------------------------------------------------------------
---------------------------------------------------------------------------------
Finished Timing Optimization : Time (s): cpu = 00:00:11 ; elapsed = 00:00:11 . Memory (MB): peak = 2299.477 ; gain = 685.109 ; free physical = 13391 ; free virtual = 25125
---------------------------------------------------------------------------------
---------------------------------------------------------------------------------
Start Technology Mapping
---------------------------------------------------------------------------------
---------------------------------------------------------------------------------
Finished Technology Mapping : Time (s): cpu = 00:00:11 ; elapsed = 00:00:11 . Memory (MB): peak = 2299.477 ; gain = 685.109 ; free physical = 13383 ; free virtual = 25117
---------------------------------------------------------------------------------
---------------------------------------------------------------------------------
Start IO Insertion
---------------------------------------------------------------------------------
---------------------------------------------------------------------------------
Start Flattening Before IO Insertion
---------------------------------------------------------------------------------
---------------------------------------------------------------------------------
Finished Flattening Before IO Insertion
---------------------------------------------------------------------------------
---------------------------------------------------------------------------------
Start Final Netlist Cleanup
---------------------------------------------------------------------------------
---------------------------------------------------------------------------------
Finished Final Netlist Cleanup
---------------------------------------------------------------------------------
CRITICAL WARNING: [Synth 8-5799] Converted tricell instance 'i_0' to logic
---------------------------------------------------------------------------------
Finished IO Insertion : Time (s): cpu = 00:00:15 ; elapsed = 00:00:15 . Memory (MB): peak = 2485.289 ; gain = 870.922 ; free physical = 12418 ; free virtual = 24153
---------------------------------------------------------------------------------
---------------------------------------------------------------------------------
Start Renaming Generated Instances
---------------------------------------------------------------------------------
---------------------------------------------------------------------------------
Finished Renaming Generated Instances : Time (s): cpu = 00:00:15 ; elapsed = 00:00:15 . Memory (MB): peak = 2485.289 ; gain = 870.922 ; free physical = 12418 ; free virtual = 24153
---------------------------------------------------------------------------------
---------------------------------------------------------------------------------
Start Rebuilding User Hierarchy
---------------------------------------------------------------------------------
---------------------------------------------------------------------------------
Finished Rebuilding User Hierarchy : Time (s): cpu = 00:00:15 ; elapsed = 00:00:15 . Memory (MB): peak = 2485.289 ; gain = 870.922 ; free physical = 12410 ; free virtual = 24145
---------------------------------------------------------------------------------
---------------------------------------------------------------------------------
Start Renaming Generated Ports
---------------------------------------------------------------------------------
---------------------------------------------------------------------------------
Finished Renaming Generated Ports : Time (s): cpu = 00:00:15 ; elapsed = 00:00:15 . Memory (MB): peak = 2485.289 ; gain = 870.922 ; free physical = 12410 ; free virtual = 24145
---------------------------------------------------------------------------------
---------------------------------------------------------------------------------
Start Handling Custom Attributes
---------------------------------------------------------------------------------
---------------------------------------------------------------------------------
Finished Handling Custom Attributes : Time (s): cpu = 00:00:15 ; elapsed = 00:00:15 . Memory (MB): peak = 2485.289 ; gain = 870.922 ; free physical = 12410 ; free virtual = 24145
---------------------------------------------------------------------------------
---------------------------------------------------------------------------------
Start Renaming Generated Nets
---------------------------------------------------------------------------------
---------------------------------------------------------------------------------
Finished Renaming Generated Nets : Time (s): cpu = 00:00:15 ; elapsed = 00:00:15 . Memory (MB): peak = 2485.289 ; gain = 870.922 ; free physical = 12410 ; free virtual = 24145
---------------------------------------------------------------------------------
---------------------------------------------------------------------------------
Start Writing Synthesis Report
---------------------------------------------------------------------------------

Report BlackBoxes: 
+-+--------------+----------+
| |BlackBox name |Instances |
+-+--------------+----------+
+-+--------------+----------+

Report Cell Usage: 
+------+-----+------+
|      |Cell |Count |
+------+-----+------+
|1     |LUT2 |     1|
+------+-----+------+

Report Instance Areas: 
+------+---------+-------+------+
|      |Instance |Module |Cells |
+------+---------+-------+------+
|1     |top      |       |     1|
+------+---------+-------+------+
---------------------------------------------------------------------------------
Finished Writing Synthesis Report : Time (s): cpu = 00:00:15 ; elapsed = 00:00:15 . Memory (MB): peak = 2485.289 ; gain = 870.922 ; free physical = 12410 ; free virtual = 24145
---------------------------------------------------------------------------------
Synthesis finished with 0 errors, 1 critical warnings and 0 warnings.
Synthesis Optimization Runtime : Time (s): cpu = 00:00:15 ; elapsed = 00:00:15 . Memory (MB): peak = 2485.289 ; gain = 870.922 ; free physical = 12402 ; free virtual = 24137
Synthesis Optimization Complete : Time (s): cpu = 00:00:15 ; elapsed = 00:00:15 . Memory (MB): peak = 2485.297 ; gain = 870.922 ; free physical = 12402 ; free virtual = 24137
INFO: [Project 1-571] Translating synthesized netlist
Netlist sorting complete. Time (s): cpu = 00:00:00 ; elapsed = 00:00:00 . Memory (MB): peak = 2499.164 ; gain = 0.000 ; free physical = 12348 ; free virtual = 24086
INFO: [Project 1-570] Preparing netlist for logic optimization
INFO: [Opt 31-138] Pushed 0 inverter(s) to 0 load pin(s).
Netlist sorting complete. Time (s): cpu = 00:00:00 ; elapsed = 00:00:00 . Memory (MB): peak = 2601.727 ; gain = 0.000 ; free physical = 12152 ; free virtual = 23904
INFO: [Project 1-111] Unisim Transformation Summary:
No Unisim elements were transformed.

Synth Design complete | Checksum: 601ba1f7
INFO: [Common 17-83] Releasing license: Synthesis
18 Infos, 0 Warnings, 1 Critical Warnings and 0 Errors encountered.
synth_design completed successfully
synth_design: Time (s): cpu = 00:00:23 ; elapsed = 00:00:21 . Memory (MB): peak = 2601.762 ; gain = 987.395 ; free physical = 12101 ; free virtual = 23853
INFO: [Common 17-2834] synth_design peak Physical Memory [PSS] (MB): overall = 1544.448; main = 1544.448; forked = 187.107
INFO: [Common 17-2834] synth_design peak Virtual Memory [VSS] (MB): overall = 3190.938; main = 2601.730; forked = 994.270
INFO: [runtcl-6] Synthesis results are not added to the cache due to CRITICAL_WARNING
INFO: [Timing 38-35] Done setting XDC timing constraints.
INFO: [Common 17-1381] The checkpoint '/home/gost/Desktop/Repositories/RVfpgaSoC-Labs/Lab1/Lab1.runs/BD_bidirec_0_11_synth_1/BD_bidirec_0_11.dcp' has been generated.
write_checkpoint: Time (s): cpu = 00:00:05 ; elapsed = 00:00:05 . Memory (MB): peak = 2673.762 ; gain = 72.000 ; free physical = 12067 ; free virtual = 23847
INFO: [Vivado 12-24828] Executing command : report_utilization -file BD_bidirec_0_11_utilization_synth.rpt -pb BD_bidirec_0_11_utilization_synth.pb
INFO: [Common 17-206] Exiting Vivado at Tue Feb 17 08:47:12 2026...
