
*** Running vivado
    with args -log BD_bidirec_10_0.vds -m64 -product Vivado -mode batch -messageDb vivado.pb -notrace -source BD_bidirec_10_0.tcl


****** Vivado v2025.2 (64-bit)
  **** SW Build 6299465 on Fri Nov 14 12:34:56 MST 2025
  **** IP Build 6300035 on Fri Nov 14 10:48:45 MST 2025
  **** SharedData Build 6298862 on Thu Nov 13 04:50:51 MST 2025
  **** Start of session at: Tue Feb 17 08:47:57 2026
    ** Copyright 1986-2022 Xilinx, Inc. All Rights Reserved.
    ** Copyright 2022-2025 Advanced Micro Devices, Inc. All Rights Reserved.

source BD_bidirec_10_0.tcl -notrace
create_project: Time (s): cpu = 00:00:18 ; elapsed = 00:00:06 . Memory (MB): peak = 1620.543 ; gain = 64.059 ; free physical = 19170 ; free virtual = 31006
INFO: [IP_Flow 19-234] Refreshing IP repositories
INFO: [IP_Flow 19-1704] No user IP repositories specified
INFO: [IP_Flow 19-2313] Loaded Vivado IP repository '/home/gost/Xilinx/2025.2/data/ip'.
Command: synth_design -top BD_bidirec_10_0 -part xc7a100tcsg324-1 -incremental_mode off -mode out_of_context
Starting synth_design
Attempting to get a license for feature 'Synthesis' and/or device 'xc7a100t'
INFO: [Common 17-349] Got license for feature 'Synthesis' and/or device 'xc7a100t'
INFO: [Designutils 20-5008] Incremental synthesis strategy off
INFO: [Synth 8-7079] Multithreading enabled for synth_design using a maximum of 7 processes.
INFO: [Synth 8-7078] Launching helper process for spawning children vivado processes
INFO: [Synth 8-7075] Helper process launched with PID 13935
---------------------------------------------------------------------------------
Starting Synthesize : Time (s): cpu = 00:00:08 ; elapsed = 00:00:09 . Memory (MB): peak = 2082.559 ; gain = 462.016 ; free physical = 14734 ; free virtual = 26575
---------------------------------------------------------------------------------
INFO: [Synth 8-6157] synthesizing module 'BD_bidirec_10_0' [/home/gost/Desktop/Repositories/RVfpgaSoC-Labs/Lab1/Lab1.gen/sources_1/bd/BD/ip/BD_bidirec_10_0/synth/BD_bidirec_10_0.v:53]
INFO: [Synth 8-6157] synthesizing module 'bidirec' [/home/gost/Desktop/Repositories/RVfpgaSoC-Labs/Lab1/Lab1.srcs/sources_1/imports/src/SweRVolfSoC/bidir.v:26]
INFO: [Synth 8-6155] done synthesizing module 'bidirec' (0#1) [/home/gost/Desktop/Repositories/RVfpgaSoC-Labs/Lab1/Lab1.srcs/sources_1/imports/src/SweRVolfSoC/bidir.v:26]
INFO: [Synth 8-6155] done synthesizing module 'BD_bidirec_10_0' (0#1) [/home/gost/Desktop/Repositories/RVfpgaSoC-Labs/Lab1/Lab1.gen/sources_1/bd/BD/ip/BD_bidirec_10_0/synth/BD_bidirec_10_0.v:53]
---------------------------------------------------------------------------------
Finished Synthesize : Time (s): cpu = 00:00:10 ; elapsed = 00:00:11 . Memory (MB): peak = 2166.496 ; gain = 545.953 ; free physical = 14123 ; free virtual = 25956
---------------------------------------------------------------------------------
---------------------------------------------------------------------------------
Finished Constraint Validation : Time (s): cpu = 00:00:11 ; elapsed = 00:00:11 . Memory (MB): peak = 2181.340 ; gain = 560.797 ; free physical = 14021 ; free virtual = 25856
---------------------------------------------------------------------------------
---------------------------------------------------------------------------------
Start Loading Part and Timing Information
---------------------------------------------------------------------------------
Loading part: xc7a100tcsg324-1
---------------------------------------------------------------------------------
INFO: [Device 21-403] Loading part xc7a100tcsg324-1
Finished Loading Part and Timing Information : Time (s): cpu = 00:00:11 ; elapsed = 00:00:12 . Memory (MB): peak = 2181.340 ; gain = 560.797 ; free physical = 14020 ; free virtual = 25855
---------------------------------------------------------------------------------
---------------------------------------------------------------------------------
Finished RTL Optimization Phase 2 : Time (s): cpu = 00:00:11 ; elapsed = 00:00:12 . Memory (MB): peak = 2181.340 ; gain = 560.797 ; free physical = 14004 ; free virtual = 25840
---------------------------------------------------------------------------------
No constraint files found.
---------------------------------------------------------------------------------
Start RTL Component Statistics 
---------------------------------------------------------------------------------
Detailed RTL Component Info : 
---------------------------------------------------------------------------------
Finished RTL Component Statistics 
---------------------------------------------------------------------------------
---------------------------------------------------------------------------------
Start Part Resource Summary
---------------------------------------------------------------------------------
Part Resources:
DSPs: 240 (col length:80)
BRAMs: 270 (col length: RAMB18 80 RAMB36 40)
---------------------------------------------------------------------------------
Finished Part Resource Summary
---------------------------------------------------------------------------------
No constraint files found.
---------------------------------------------------------------------------------
Start Cross Boundary and Area Optimization
---------------------------------------------------------------------------------
---------------------------------------------------------------------------------
Finished Cross Boundary and Area Optimization : Time (s): cpu = 00:00:15 ; elapsed = 00:00:16 . Memory (MB): peak = 2274.184 ; gain = 653.641 ; free physical = 12866 ; free virtual = 24702
---------------------------------------------------------------------------------
No constraint files found.
---------------------------------------------------------------------------------
Start Timing Optimization
---------------------------------------------------------------------------------
---------------------------------------------------------------------------------
Finished Timing Optimization : Time (s): cpu = 00:00:15 ; elapsed = 00:00:16 . Memory (MB): peak = 2297.996 ; gain = 677.453 ; free physical = 12827 ; free virtual = 24663
---------------------------------------------------------------------------------
---------------------------------------------------------------------------------
Start Technology Mapping
---------------------------------------------------------------------------------
---------------------------------------------------------------------------------
Finished Technology Mapping : Time (s): cpu = 00:00:15 ; elapsed = 00:00:16 . Memory (MB): peak = 2297.996 ; gain = 677.453 ; free physical = 12811 ; free virtual = 24648
---------------------------------------------------------------------------------
---------------------------------------------------------------------------------
Start IO Insertion
---------------------------------------------------------------------------------
---------------------------------------------------------------------------------
Start Flattening Before IO Insertion
---------------------------------------------------------------------------------
---------------------------------------------------------------------------------
Finished Flattening Before IO Insertion
---------------------------------------------------------------------------------
---------------------------------------------------------------------------------
Start Final Netlist Cleanup
---------------------------------------------------------------------------------
---------------------------------------------------------------------------------
Finished Final Netlist Cleanup
---------------------------------------------------------------------------------
CRITICAL WARNING: [Synth 8-5799] Converted tricell instance 'i_0' to logic
---------------------------------------------------------------------------------
Finished IO Insertion : Time (s): cpu = 00:00:18 ; elapsed = 00:00:19 . Memory (MB): peak = 2484.809 ; gain = 864.266 ; free physical = 11786 ; free virtual = 23624
---------------------------------------------------------------------------------
---------------------------------------------------------------------------------
Start Renaming Generated Instances
---------------------------------------------------------------------------------
---------------------------------------------------------------------------------
Finished Renaming Generated Instances : Time (s): cpu = 00:00:18 ; elapsed = 00:00:19 . Memory (MB): peak = 2484.809 ; gain = 864.266 ; free physical = 11786 ; free virtual = 23624
---------------------------------------------------------------------------------
---------------------------------------------------------------------------------
Start Rebuilding User Hierarchy
---------------------------------------------------------------------------------
---------------------------------------------------------------------------------
Finished Rebuilding User Hierarchy : Time (s): cpu = 00:00:18 ; elapsed = 00:00:19 . Memory (MB): peak = 2484.809 ; gain = 864.266 ; free physical = 11786 ; free virtual = 23624
---------------------------------------------------------------------------------
---------------------------------------------------------------------------------
Start Renaming Generated Ports
---------------------------------------------------------------------------------
---------------------------------------------------------------------------------
Finished Renaming Generated Ports : Time (s): cpu = 00:00:18 ; elapsed = 00:00:19 . Memory (MB): peak = 2484.809 ; gain = 864.266 ; free physical = 11786 ; free virtual = 23624
---------------------------------------------------------------------------------
---------------------------------------------------------------------------------
Start Handling Custom Attributes
---------------------------------------------------------------------------------
---------------------------------------------------------------------------------
Finished Handling Custom Attributes : Time (s): cpu = 00:00:18 ; elapsed = 00:00:19 . Memory (MB): peak = 2484.809 ; gain = 864.266 ; free physical = 11786 ; free virtual = 23624
---------------------------------------------------------------------------------
---------------------------------------------------------------------------------
Start Renaming Generated Nets
---------------------------------------------------------------------------------
---------------------------------------------------------------------------------
Finished Renaming Generated Nets : Time (s): cpu = 00:00:18 ; elapsed = 00:00:19 . Memory (MB): peak = 2484.809 ; gain = 864.266 ; free physical = 11786 ; free virtual = 23624
---------------------------------------------------------------------------------
---------------------------------------------------------------------------------
Start Writing Synthesis Report
---------------------------------------------------------------------------------

Report BlackBoxes: 
+-+--------------+----------+
| |BlackBox name |Instances |
+-+--------------+----------+
+-+--------------+----------+

Report Cell Usage: 
+------+-----+------+
|      |Cell |Count |
+------+-----+------+
|1     |LUT2 |     1|
+------+-----+------+

Report Instance Areas: 
+------+---------+-------+------+
|      |Instance |Module |Cells |
+------+---------+-------+------+
|1     |top      |       |     1|
+------+---------+-------+------+
---------------------------------------------------------------------------------
Finished Writing Synthesis Report : Time (s): cpu = 00:00:18 ; elapsed = 00:00:19 . Memory (MB): peak = 2484.809 ; gain = 864.266 ; free physical = 11786 ; free virtual = 23624
---------------------------------------------------------------------------------
Synthesis finished with 0 errors, 1 critical warnings and 0 warnings.
Synthesis Optimization Runtime : Time (s): cpu = 00:00:18 ; elapsed = 00:00:19 . Memory (MB): peak = 2484.809 ; gain = 864.266 ; free physical = 11786 ; free virtual = 23624
Synthesis Optimization Complete : Time (s): cpu = 00:00:18 ; elapsed = 00:00:19 . Memory (MB): peak = 2484.816 ; gain = 864.266 ; free physical = 11786 ; free virtual = 23624
INFO: [Project 1-571] Translating synthesized netlist
Netlist sorting complete. Time (s): cpu = 00:00:00 ; elapsed = 00:00:00 . Memory (MB): peak = 2497.684 ; gain = 0.000 ; free physical = 11763 ; free virtual = 23601
INFO: [Project 1-570] Preparing netlist for logic optimization
INFO: [Opt 31-138] Pushed 0 inverter(s) to 0 load pin(s).
Netlist sorting complete. Time (s): cpu = 00:00:00 ; elapsed = 00:00:00 . Memory (MB): peak = 2602.277 ; gain = 0.000 ; free physical = 11889 ; free virtual = 23728
INFO: [Project 1-111] Unisim Transformation Summary:
No Unisim elements were transformed.

Synth Design complete | Checksum: 9bc8eddd
INFO: [Common 17-83] Releasing license: Synthesis
18 Infos, 0 Warnings, 1 Critical Warnings and 0 Errors encountered.
synth_design completed successfully
synth_design: Time (s): cpu = 00:00:28 ; elapsed = 00:00:25 . Memory (MB): peak = 2602.312 ; gain = 981.770 ; free physical = 11868 ; free virtual = 23706
INFO: [Common 17-2834] synth_design peak Physical Memory [PSS] (MB): overall = 1546.368; main = 1546.368; forked = 188.380
INFO: [Common 17-2834] synth_design peak Virtual Memory [VSS] (MB): overall = 3129.770; main = 2602.281; forked = 994.270
INFO: [runtcl-6] Synthesis results are not added to the cache due to CRITICAL_WARNING
INFO: [Timing 38-35] Done setting XDC timing constraints.
INFO: [Common 17-1381] The checkpoint '/home/gost/Desktop/Repositories/RVfpgaSoC-Labs/Lab1/Lab1.runs/BD_bidirec_10_0_synth_1/BD_bidirec_10_0.dcp' has been generated.
write_checkpoint: Time (s): cpu = 00:00:05 ; elapsed = 00:00:05 . Memory (MB): peak = 2690.312 ; gain = 88.000 ; free physical = 15771 ; free virtual = 27615
INFO: [Vivado 12-24828] Executing command : report_utilization -file BD_bidirec_10_0_utilization_synth.rpt -pb BD_bidirec_10_0_utilization_synth.pb
INFO: [Common 17-206] Exiting Vivado at Tue Feb 17 08:48:38 2026...
