
*** Running vivado
    with args -log BD_bidirec_7_0.vds -m64 -product Vivado -mode batch -messageDb vivado.pb -notrace -source BD_bidirec_7_0.tcl


****** Vivado v2022.2 (64-bit)
  **** SW Build 3671981 on Fri Oct 14 04:59:54 MDT 2022
  **** IP Build 3669848 on Fri Oct 14 08:30:02 MDT 2022
    ** Copyright 1986-2022 Xilinx, Inc. All Rights Reserved.

source BD_bidirec_7_0.tcl -notrace
create_project: Time (s): cpu = 00:00:10 ; elapsed = 00:00:16 . Memory (MB): peak = 1319.793 ; gain = 0.023 ; free physical = 72 ; free virtual = 472
INFO: [IP_Flow 19-234] Refreshing IP repositories
INFO: [IP_Flow 19-1704] No user IP repositories specified
INFO: [IP_Flow 19-2313] Loaded Vivado IP repository '/tools/Xilinx/Vivado/2022.2/data/ip'.
INFO: [IP_Flow 19-6924] IPCACHE: Running cache check for IP inst: BD_bidirec_7_0
Command: synth_design -top BD_bidirec_7_0 -part xc7a100tcsg324-1 -incremental_mode off -mode out_of_context
Starting synth_design
Attempting to get a license for feature 'Synthesis' and/or device 'xc7a100t'
INFO: [Common 17-349] Got license for feature 'Synthesis' and/or device 'xc7a100t'
INFO: [Designutils 20-5008] Incremental synthesis strategy off
INFO: [Synth 8-7079] Multithreading enabled for synth_design using a maximum of 4 processes.
INFO: [Synth 8-7078] Launching helper process for spawning children vivado processes
INFO: [Synth 8-7075] Helper process launched with PID 49372
INFO: [Synth 8-11241] undeclared symbol 'REGCCE', assumed default net type 'wire' [/tools/Xilinx/Vivado/2022.2/data/verilog/src/unimacro/BRAM_SINGLE_MACRO.v:2170]
---------------------------------------------------------------------------------
Starting Synthesize : Time (s): cpu = 00:00:06 ; elapsed = 00:00:23 . Memory (MB): peak = 1697.500 ; gain = 377.707 ; free physical = 81 ; free virtual = 885
Synthesis current peak Physical Memory [PSS] (MB): peak = 898.133; parent = 725.610; children = 172.522
Synthesis current peak Virtual Memory [VSS] (MB): peak = 2672.059; parent = 1697.500; children = 974.559
---------------------------------------------------------------------------------
INFO: [Synth 8-6157] synthesizing module 'BD_bidirec_7_0' [/home/fchacon/RVfpgaSoC/LabProjects/Lab1/Lab1.gen/sources_1/bd/BD/ip/BD_bidirec_7_0/synth/BD_bidirec_7_0.v:53]
INFO: [Synth 8-6157] synthesizing module 'bidirec' [/home/fchacon/RVfpgaSoC/LabProjects/Lab1/Lab1.srcs/sources_1/imports/src/SweRVolfSoC/bidir.v:26]
INFO: [Synth 8-6155] done synthesizing module 'bidirec' (0#1) [/home/fchacon/RVfpgaSoC/LabProjects/Lab1/Lab1.srcs/sources_1/imports/src/SweRVolfSoC/bidir.v:26]
INFO: [Synth 8-6155] done synthesizing module 'BD_bidirec_7_0' (0#1) [/home/fchacon/RVfpgaSoC/LabProjects/Lab1/Lab1.gen/sources_1/bd/BD/ip/BD_bidirec_7_0/synth/BD_bidirec_7_0.v:53]
---------------------------------------------------------------------------------
Finished Synthesize : Time (s): cpu = 00:00:08 ; elapsed = 00:00:25 . Memory (MB): peak = 1764.469 ; gain = 444.676 ; free physical = 491 ; free virtual = 1126
Synthesis current peak Physical Memory [PSS] (MB): peak = 898.133; parent = 728.616; children = 172.522
Synthesis current peak Virtual Memory [VSS] (MB): peak = 2739.027; parent = 1764.469; children = 974.559
---------------------------------------------------------------------------------
---------------------------------------------------------------------------------
Finished Constraint Validation : Time (s): cpu = 00:00:08 ; elapsed = 00:00:25 . Memory (MB): peak = 1782.281 ; gain = 462.488 ; free physical = 512 ; free virtual = 1181
Synthesis current peak Physical Memory [PSS] (MB): peak = 898.133; parent = 728.616; children = 172.522
Synthesis current peak Virtual Memory [VSS] (MB): peak = 2756.840; parent = 1782.281; children = 974.559
---------------------------------------------------------------------------------
---------------------------------------------------------------------------------
Start Loading Part and Timing Information
---------------------------------------------------------------------------------
Loading part: xc7a100tcsg324-1
INFO: [Device 21-403] Loading part xc7a100tcsg324-1
---------------------------------------------------------------------------------
Finished Loading Part and Timing Information : Time (s): cpu = 00:00:08 ; elapsed = 00:00:25 . Memory (MB): peak = 1790.285 ; gain = 470.492 ; free physical = 491 ; free virtual = 1172
Synthesis current peak Physical Memory [PSS] (MB): peak = 898.133; parent = 728.616; children = 172.522
Synthesis current peak Virtual Memory [VSS] (MB): peak = 2764.844; parent = 1790.285; children = 974.559
---------------------------------------------------------------------------------
---------------------------------------------------------------------------------
Finished RTL Optimization Phase 2 : Time (s): cpu = 00:00:08 ; elapsed = 00:00:26 . Memory (MB): peak = 1796.223 ; gain = 476.430 ; free physical = 444 ; free virtual = 1144
Synthesis current peak Physical Memory [PSS] (MB): peak = 898.133; parent = 728.616; children = 172.522
Synthesis current peak Virtual Memory [VSS] (MB): peak = 2770.781; parent = 1796.223; children = 974.559
---------------------------------------------------------------------------------
No constraint files found.
---------------------------------------------------------------------------------
Start RTL Component Statistics 
---------------------------------------------------------------------------------
Detailed RTL Component Info : 
---------------------------------------------------------------------------------
Finished RTL Component Statistics 
---------------------------------------------------------------------------------
---------------------------------------------------------------------------------
Start Part Resource Summary
---------------------------------------------------------------------------------
Part Resources:
DSPs: 240 (col length:80)
BRAMs: 270 (col length: RAMB18 80 RAMB36 40)
---------------------------------------------------------------------------------
Finished Part Resource Summary
---------------------------------------------------------------------------------
No constraint files found.
---------------------------------------------------------------------------------
Start Cross Boundary and Area Optimization
---------------------------------------------------------------------------------
WARNING: [Synth 8-7080] Parallel synthesis criteria is not met
---------------------------------------------------------------------------------
Finished Cross Boundary and Area Optimization : Time (s): cpu = 00:00:13 ; elapsed = 00:00:32 . Memory (MB): peak = 1924.441 ; gain = 604.648 ; free physical = 77 ; free virtual = 452
Synthesis current peak Physical Memory [PSS] (MB): peak = 1021.375; parent = 901.664; children = 172.522
Synthesis current peak Virtual Memory [VSS] (MB): peak = 2899.000; parent = 1924.441; children = 974.559
---------------------------------------------------------------------------------
No constraint files found.
---------------------------------------------------------------------------------
Start Timing Optimization
---------------------------------------------------------------------------------
---------------------------------------------------------------------------------
Finished Timing Optimization : Time (s): cpu = 00:00:13 ; elapsed = 00:00:32 . Memory (MB): peak = 1924.441 ; gain = 604.648 ; free physical = 80 ; free virtual = 405
Synthesis current peak Physical Memory [PSS] (MB): peak = 1022.597; parent = 904.110; children = 172.522
Synthesis current peak Virtual Memory [VSS] (MB): peak = 2899.000; parent = 1924.441; children = 974.559
---------------------------------------------------------------------------------
---------------------------------------------------------------------------------
Start Technology Mapping
---------------------------------------------------------------------------------
---------------------------------------------------------------------------------
Finished Technology Mapping : Time (s): cpu = 00:00:13 ; elapsed = 00:00:32 . Memory (MB): peak = 1932.449 ; gain = 612.656 ; free physical = 77 ; free virtual = 383
Synthesis current peak Physical Memory [PSS] (MB): peak = 1023.036; parent = 904.890; children = 172.522
Synthesis current peak Virtual Memory [VSS] (MB): peak = 2907.008; parent = 1932.449; children = 974.559
---------------------------------------------------------------------------------
---------------------------------------------------------------------------------
Start IO Insertion
---------------------------------------------------------------------------------
---------------------------------------------------------------------------------
Start Flattening Before IO Insertion
---------------------------------------------------------------------------------
---------------------------------------------------------------------------------
Finished Flattening Before IO Insertion
---------------------------------------------------------------------------------
---------------------------------------------------------------------------------
Start Final Netlist Cleanup
---------------------------------------------------------------------------------
---------------------------------------------------------------------------------
Finished Final Netlist Cleanup
---------------------------------------------------------------------------------
CRITICAL WARNING: [Synth 8-5799] Converted tricell instance 'i_0' to logic
---------------------------------------------------------------------------------
Finished IO Insertion : Time (s): cpu = 00:00:17 ; elapsed = 00:01:03 . Memory (MB): peak = 1932.449 ; gain = 612.656 ; free physical = 64 ; free virtual = 708
Synthesis current peak Physical Memory [PSS] (MB): peak = 1023.036; parent = 904.890; children = 172.522
Synthesis current peak Virtual Memory [VSS] (MB): peak = 2907.008; parent = 1932.449; children = 974.559
---------------------------------------------------------------------------------
---------------------------------------------------------------------------------
Start Renaming Generated Instances
---------------------------------------------------------------------------------
---------------------------------------------------------------------------------
Finished Renaming Generated Instances : Time (s): cpu = 00:00:17 ; elapsed = 00:01:03 . Memory (MB): peak = 1932.449 ; gain = 612.656 ; free physical = 64 ; free virtual = 690
Synthesis current peak Physical Memory [PSS] (MB): peak = 1023.036; parent = 904.890; children = 172.522
Synthesis current peak Virtual Memory [VSS] (MB): peak = 2907.008; parent = 1932.449; children = 974.559
---------------------------------------------------------------------------------
---------------------------------------------------------------------------------
Start Rebuilding User Hierarchy
---------------------------------------------------------------------------------
---------------------------------------------------------------------------------
Finished Rebuilding User Hierarchy : Time (s): cpu = 00:00:17 ; elapsed = 00:01:03 . Memory (MB): peak = 1932.449 ; gain = 612.656 ; free physical = 120 ; free virtual = 742
Synthesis current peak Physical Memory [PSS] (MB): peak = 1023.036; parent = 904.890; children = 172.522
Synthesis current peak Virtual Memory [VSS] (MB): peak = 2907.008; parent = 1932.449; children = 974.559
---------------------------------------------------------------------------------
---------------------------------------------------------------------------------
Start Renaming Generated Ports
---------------------------------------------------------------------------------
---------------------------------------------------------------------------------
Finished Renaming Generated Ports : Time (s): cpu = 00:00:17 ; elapsed = 00:01:03 . Memory (MB): peak = 1932.449 ; gain = 612.656 ; free physical = 113 ; free virtual = 734
Synthesis current peak Physical Memory [PSS] (MB): peak = 1023.036; parent = 904.890; children = 172.522
Synthesis current peak Virtual Memory [VSS] (MB): peak = 2907.008; parent = 1932.449; children = 974.559
---------------------------------------------------------------------------------
---------------------------------------------------------------------------------
Start Handling Custom Attributes
---------------------------------------------------------------------------------
---------------------------------------------------------------------------------
Finished Handling Custom Attributes : Time (s): cpu = 00:00:17 ; elapsed = 00:01:03 . Memory (MB): peak = 1932.449 ; gain = 612.656 ; free physical = 64 ; free virtual = 697
Synthesis current peak Physical Memory [PSS] (MB): peak = 1023.036; parent = 904.890; children = 172.522
Synthesis current peak Virtual Memory [VSS] (MB): peak = 2907.008; parent = 1932.449; children = 974.559
---------------------------------------------------------------------------------
---------------------------------------------------------------------------------
Start Renaming Generated Nets
---------------------------------------------------------------------------------
---------------------------------------------------------------------------------
Finished Renaming Generated Nets : Time (s): cpu = 00:00:17 ; elapsed = 00:01:03 . Memory (MB): peak = 1932.449 ; gain = 612.656 ; free physical = 60 ; free virtual = 663
Synthesis current peak Physical Memory [PSS] (MB): peak = 1023.036; parent = 904.890; children = 172.522
Synthesis current peak Virtual Memory [VSS] (MB): peak = 2907.008; parent = 1932.449; children = 974.559
---------------------------------------------------------------------------------
---------------------------------------------------------------------------------
Start Writing Synthesis Report
---------------------------------------------------------------------------------

Report BlackBoxes: 
+-+--------------+----------+
| |BlackBox name |Instances |
+-+--------------+----------+
+-+--------------+----------+

Report Cell Usage: 
+------+-----+------+
|      |Cell |Count |
+------+-----+------+
|1     |LUT2 |     1|
+------+-----+------+

Report Instance Areas: 
+------+---------+-------+------+
|      |Instance |Module |Cells |
+------+---------+-------+------+
|1     |top      |       |     1|
+------+---------+-------+------+
---------------------------------------------------------------------------------
Finished Writing Synthesis Report : Time (s): cpu = 00:00:17 ; elapsed = 00:01:03 . Memory (MB): peak = 1932.449 ; gain = 612.656 ; free physical = 61 ; free virtual = 658
Synthesis current peak Physical Memory [PSS] (MB): peak = 1023.036; parent = 904.890; children = 172.522
Synthesis current peak Virtual Memory [VSS] (MB): peak = 2907.008; parent = 1932.449; children = 974.559
---------------------------------------------------------------------------------
Synthesis finished with 0 errors, 1 critical warnings and 1 warnings.
Synthesis Optimization Runtime : Time (s): cpu = 00:00:17 ; elapsed = 00:01:03 . Memory (MB): peak = 1932.449 ; gain = 612.656 ; free physical = 57 ; free virtual = 663
Synthesis Optimization Complete : Time (s): cpu = 00:00:17 ; elapsed = 00:01:03 . Memory (MB): peak = 1932.457 ; gain = 612.656 ; free physical = 63 ; free virtual = 610
INFO: [Project 1-571] Translating synthesized netlist
Netlist sorting complete. Time (s): cpu = 00:00:00 ; elapsed = 00:00:00 . Memory (MB): peak = 1932.457 ; gain = 0.000 ; free physical = 57 ; free virtual = 458
INFO: [Project 1-570] Preparing netlist for logic optimization
INFO: [Opt 31-138] Pushed 0 inverter(s) to 0 load pin(s).
Netlist sorting complete. Time (s): cpu = 00:00:00 ; elapsed = 00:00:00 . Memory (MB): peak = 2015.105 ; gain = 0.000 ; free physical = 342 ; free virtual = 1079
INFO: [Project 1-111] Unisim Transformation Summary:
No Unisim elements were transformed.

Synth Design complete, checksum: 72bab3aa
INFO: [Common 17-83] Releasing license: Synthesis
20 Infos, 1 Warnings, 1 Critical Warnings and 0 Errors encountered.
synth_design completed successfully
synth_design: Time (s): cpu = 00:00:21 ; elapsed = 00:01:06 . Memory (MB): peak = 2015.105 ; gain = 695.312 ; free physical = 451 ; free virtual = 1261
INFO: [Timing 38-35] Done setting XDC timing constraints.
INFO: [Common 17-1381] The checkpoint '/home/fchacon/RVfpgaSoC/LabProjects/Lab1/Lab1.runs/BD_bidirec_7_0_synth_1/BD_bidirec_7_0.dcp' has been generated.
write_checkpoint: Time (s): cpu = 00:00:04 ; elapsed = 00:00:14 . Memory (MB): peak = 2315.188 ; gain = 300.082 ; free physical = 58 ; free virtual = 138
INFO: [runtcl-6] Synthesis results are not added to the cache due to CRITICAL_WARNING
INFO: [Common 17-1381] The checkpoint '/home/fchacon/RVfpgaSoC/LabProjects/Lab1/Lab1.runs/BD_bidirec_7_0_synth_1/BD_bidirec_7_0.dcp' has been generated.
INFO: [runtcl-4] Executing : report_utilization -file BD_bidirec_7_0_utilization_synth.rpt -pb BD_bidirec_7_0_utilization_synth.pb
INFO: [Common 17-206] Exiting Vivado at Mon Feb 16 22:28:17 2026...
