
*** Running vivado
    with args -log BD_gpio_wrapper_0_0.vds -m64 -product Vivado -mode batch -messageDb vivado.pb -notrace -source BD_gpio_wrapper_0_0.tcl


****** Vivado v2025.2 (64-bit)
  **** SW Build 6299465 on Fri Nov 14 12:34:56 MST 2025
  **** IP Build 6300035 on Fri Nov 14 10:48:45 MST 2025
  **** SharedData Build 6298862 on Thu Nov 13 04:50:51 MST 2025
  **** Start of session at: Tue Feb 17 08:49:19 2026
    ** Copyright 1986-2022 Xilinx, Inc. All Rights Reserved.
    ** Copyright 2022-2025 Advanced Micro Devices, Inc. All Rights Reserved.

source BD_gpio_wrapper_0_0.tcl -notrace
INFO: [IP_Flow 19-234] Refreshing IP repositories
INFO: [IP_Flow 19-1704] No user IP repositories specified
INFO: [IP_Flow 19-2313] Loaded Vivado IP repository '/home/gost/Xilinx/2025.2/data/ip'.
Command: synth_design -top BD_gpio_wrapper_0_0 -part xc7a100tcsg324-1 -incremental_mode off -mode out_of_context
Starting synth_design
Attempting to get a license for feature 'Synthesis' and/or device 'xc7a100t'
INFO: [Common 17-349] Got license for feature 'Synthesis' and/or device 'xc7a100t'
INFO: [Designutils 20-5008] Incremental synthesis strategy off
INFO: [Synth 8-7079] Multithreading enabled for synth_design using a maximum of 7 processes.
INFO: [Synth 8-7078] Launching helper process for spawning children vivado processes
INFO: [Synth 8-7075] Helper process launched with PID 18705
---------------------------------------------------------------------------------
Starting Synthesize : Time (s): cpu = 00:00:05 ; elapsed = 00:00:05 . Memory (MB): peak = 2082.328 ; gain = 461.789 ; free physical = 19372 ; free virtual = 31228
---------------------------------------------------------------------------------
INFO: [Synth 8-6157] synthesizing module 'BD_gpio_wrapper_0_0' [/home/gost/Desktop/Repositories/RVfpgaSoC-Labs/Lab1/Lab1.gen/sources_1/bd/BD/ip/BD_gpio_wrapper_0_0/synth/BD_gpio_wrapper_0_0.v:53]
INFO: [Synth 8-6157] synthesizing module 'gpio_wrapper' [/home/gost/Desktop/Repositories/RVfpgaSoC-Labs/Lab1/Lab1.srcs/sources_1/imports/src/SweRVolfSoC/Peripherals/gpio/gpio_wrapper.v:22]
INFO: [Synth 8-6157] synthesizing module 'gpio_top' [/home/gost/Desktop/Repositories/RVfpgaSoC-Labs/Lab1/Lab1.srcs/sources_1/imports/src/SweRVolfSoC/Peripherals/gpio/gpio_top.v:115]
INFO: [Synth 8-6155] done synthesizing module 'gpio_top' (0#1) [/home/gost/Desktop/Repositories/RVfpgaSoC-Labs/Lab1/Lab1.srcs/sources_1/imports/src/SweRVolfSoC/Peripherals/gpio/gpio_top.v:115]
WARNING: [Synth 8-7071] port 'aux_i' of module 'gpio_top' is unconnected for instance 'gpio' [/home/gost/Desktop/Repositories/RVfpgaSoC-Labs/Lab1/Lab1.srcs/sources_1/imports/src/SweRVolfSoC/Peripherals/gpio/gpio_wrapper.v:45]
WARNING: [Synth 8-7071] port 'clk_pad_i' of module 'gpio_top' is unconnected for instance 'gpio' [/home/gost/Desktop/Repositories/RVfpgaSoC-Labs/Lab1/Lab1.srcs/sources_1/imports/src/SweRVolfSoC/Peripherals/gpio/gpio_wrapper.v:45]
WARNING: [Synth 8-7023] instance 'gpio' of module 'gpio_top' has 17 connections declared, but only 15 given [/home/gost/Desktop/Repositories/RVfpgaSoC-Labs/Lab1/Lab1.srcs/sources_1/imports/src/SweRVolfSoC/Peripherals/gpio/gpio_wrapper.v:45]
INFO: [Synth 8-6155] done synthesizing module 'gpio_wrapper' (0#1) [/home/gost/Desktop/Repositories/RVfpgaSoC-Labs/Lab1/Lab1.srcs/sources_1/imports/src/SweRVolfSoC/Peripherals/gpio/gpio_wrapper.v:22]
INFO: [Synth 8-6155] done synthesizing module 'BD_gpio_wrapper_0_0' (0#1) [/home/gost/Desktop/Repositories/RVfpgaSoC-Labs/Lab1/Lab1.gen/sources_1/bd/BD/ip/BD_gpio_wrapper_0_0/synth/BD_gpio_wrapper_0_0.v:53]
INFO: [Synth 8-7129] Port wb_adr_i[7] in module gpio_wrapper is either unconnected or has no load
INFO: [Synth 8-7129] Port wb_adr_i[6] in module gpio_wrapper is either unconnected or has no load
INFO: [Synth 8-7129] Port wb_adr_i[1] in module gpio_wrapper is either unconnected or has no load
INFO: [Synth 8-7129] Port wb_adr_i[0] in module gpio_wrapper is either unconnected or has no load
INFO: [Synth 8-7129] Port wb_sel_i[3] in module gpio_wrapper is either unconnected or has no load
INFO: [Synth 8-7129] Port wb_sel_i[2] in module gpio_wrapper is either unconnected or has no load
INFO: [Synth 8-7129] Port wb_sel_i[1] in module gpio_wrapper is either unconnected or has no load
INFO: [Synth 8-7129] Port wb_sel_i[0] in module gpio_wrapper is either unconnected or has no load
---------------------------------------------------------------------------------
Finished Synthesize : Time (s): cpu = 00:00:06 ; elapsed = 00:00:07 . Memory (MB): peak = 2169.266 ; gain = 548.727 ; free physical = 18928 ; free virtual = 30784
---------------------------------------------------------------------------------
---------------------------------------------------------------------------------
Finished Constraint Validation : Time (s): cpu = 00:00:07 ; elapsed = 00:00:08 . Memory (MB): peak = 2184.109 ; gain = 563.570 ; free physical = 20181 ; free virtual = 32038
---------------------------------------------------------------------------------
---------------------------------------------------------------------------------
Start Loading Part and Timing Information
---------------------------------------------------------------------------------
Loading part: xc7a100tcsg324-1
---------------------------------------------------------------------------------
INFO: [Device 21-403] Loading part xc7a100tcsg324-1
Finished Loading Part and Timing Information : Time (s): cpu = 00:00:07 ; elapsed = 00:00:08 . Memory (MB): peak = 2184.109 ; gain = 563.570 ; free physical = 20181 ; free virtual = 32038
---------------------------------------------------------------------------------
---------------------------------------------------------------------------------
Finished RTL Optimization Phase 2 : Time (s): cpu = 00:00:08 ; elapsed = 00:00:08 . Memory (MB): peak = 2206.062 ; gain = 585.523 ; free physical = 20115 ; free virtual = 31974
---------------------------------------------------------------------------------
No constraint files found.
---------------------------------------------------------------------------------
Start RTL Component Statistics 
---------------------------------------------------------------------------------
Detailed RTL Component Info : 
+---XORs : 
	   2 Input     32 Bit         XORs := 2     
+---Registers : 
	               32 Bit    Registers := 14    
	                2 Bit    Registers := 1     
	                1 Bit    Registers := 6     
+---Muxes : 
	   2 Input   32 Bit        Muxes := 8     
	   2 Input    2 Bit        Muxes := 2     
	   2 Input    1 Bit        Muxes := 1     
---------------------------------------------------------------------------------
Finished RTL Component Statistics 
---------------------------------------------------------------------------------
---------------------------------------------------------------------------------
Start Part Resource Summary
---------------------------------------------------------------------------------
Part Resources:
DSPs: 240 (col length:80)
BRAMs: 270 (col length: RAMB18 80 RAMB36 40)
---------------------------------------------------------------------------------
Finished Part Resource Summary
---------------------------------------------------------------------------------
No constraint files found.
---------------------------------------------------------------------------------
Start Cross Boundary and Area Optimization
---------------------------------------------------------------------------------
INFO: [Synth 8-7129] Port wb_adr_i[7] in module BD_gpio_wrapper_0_0 is either unconnected or has no load
INFO: [Synth 8-7129] Port wb_adr_i[6] in module BD_gpio_wrapper_0_0 is either unconnected or has no load
INFO: [Synth 8-7129] Port wb_adr_i[1] in module BD_gpio_wrapper_0_0 is either unconnected or has no load
INFO: [Synth 8-7129] Port wb_adr_i[0] in module BD_gpio_wrapper_0_0 is either unconnected or has no load
INFO: [Synth 8-7129] Port wb_sel_i[3] in module BD_gpio_wrapper_0_0 is either unconnected or has no load
INFO: [Synth 8-7129] Port wb_sel_i[2] in module BD_gpio_wrapper_0_0 is either unconnected or has no load
INFO: [Synth 8-7129] Port wb_sel_i[1] in module BD_gpio_wrapper_0_0 is either unconnected or has no load
INFO: [Synth 8-7129] Port wb_sel_i[0] in module BD_gpio_wrapper_0_0 is either unconnected or has no load
---------------------------------------------------------------------------------
Finished Cross Boundary and Area Optimization : Time (s): cpu = 00:00:12 ; elapsed = 00:00:12 . Memory (MB): peak = 2337.117 ; gain = 716.578 ; free physical = 18782 ; free virtual = 30640
---------------------------------------------------------------------------------
No constraint files found.
---------------------------------------------------------------------------------
Start Timing Optimization
---------------------------------------------------------------------------------
---------------------------------------------------------------------------------
Finished Timing Optimization : Time (s): cpu = 00:00:12 ; elapsed = 00:00:12 . Memory (MB): peak = 2340.086 ; gain = 719.547 ; free physical = 18758 ; free virtual = 30617
---------------------------------------------------------------------------------
---------------------------------------------------------------------------------
Start Technology Mapping
---------------------------------------------------------------------------------
---------------------------------------------------------------------------------
Finished Technology Mapping : Time (s): cpu = 00:00:12 ; elapsed = 00:00:12 . Memory (MB): peak = 2340.086 ; gain = 719.547 ; free physical = 18710 ; free virtual = 30569
---------------------------------------------------------------------------------
---------------------------------------------------------------------------------
Start IO Insertion
---------------------------------------------------------------------------------
---------------------------------------------------------------------------------
Start Flattening Before IO Insertion
---------------------------------------------------------------------------------
---------------------------------------------------------------------------------
Finished Flattening Before IO Insertion
---------------------------------------------------------------------------------
---------------------------------------------------------------------------------
Start Final Netlist Cleanup
---------------------------------------------------------------------------------
---------------------------------------------------------------------------------
Finished Final Netlist Cleanup
---------------------------------------------------------------------------------
---------------------------------------------------------------------------------
Finished IO Insertion : Time (s): cpu = 00:00:14 ; elapsed = 00:00:15 . Memory (MB): peak = 2512.898 ; gain = 892.359 ; free physical = 18068 ; free virtual = 29930
---------------------------------------------------------------------------------
---------------------------------------------------------------------------------
Start Renaming Generated Instances
---------------------------------------------------------------------------------
---------------------------------------------------------------------------------
Finished Renaming Generated Instances : Time (s): cpu = 00:00:14 ; elapsed = 00:00:15 . Memory (MB): peak = 2512.898 ; gain = 892.359 ; free physical = 18068 ; free virtual = 29930
---------------------------------------------------------------------------------
---------------------------------------------------------------------------------
Start Rebuilding User Hierarchy
---------------------------------------------------------------------------------
---------------------------------------------------------------------------------
Finished Rebuilding User Hierarchy : Time (s): cpu = 00:00:14 ; elapsed = 00:00:15 . Memory (MB): peak = 2512.898 ; gain = 892.359 ; free physical = 18068 ; free virtual = 29930
---------------------------------------------------------------------------------
---------------------------------------------------------------------------------
Start Renaming Generated Ports
---------------------------------------------------------------------------------
---------------------------------------------------------------------------------
Finished Renaming Generated Ports : Time (s): cpu = 00:00:14 ; elapsed = 00:00:15 . Memory (MB): peak = 2512.898 ; gain = 892.359 ; free physical = 18068 ; free virtual = 29930
---------------------------------------------------------------------------------
---------------------------------------------------------------------------------
Start Handling Custom Attributes
---------------------------------------------------------------------------------
---------------------------------------------------------------------------------
Finished Handling Custom Attributes : Time (s): cpu = 00:00:14 ; elapsed = 00:00:15 . Memory (MB): peak = 2512.898 ; gain = 892.359 ; free physical = 18068 ; free virtual = 29930
---------------------------------------------------------------------------------
---------------------------------------------------------------------------------
Start Renaming Generated Nets
---------------------------------------------------------------------------------
---------------------------------------------------------------------------------
Finished Renaming Generated Nets : Time (s): cpu = 00:00:14 ; elapsed = 00:00:15 . Memory (MB): peak = 2512.898 ; gain = 892.359 ; free physical = 18068 ; free virtual = 29930
---------------------------------------------------------------------------------
---------------------------------------------------------------------------------
Start Writing Synthesis Report
---------------------------------------------------------------------------------

Report BlackBoxes: 
+-+--------------+----------+
| |BlackBox name |Instances |
+-+--------------+----------+
+-+--------------+----------+

Report Cell Usage: 
+------+-----+------+
|      |Cell |Count |
+------+-----+------+
|1     |LUT1 |     1|
|2     |LUT2 |    65|
|3     |LUT3 |    35|
|4     |LUT4 |     4|
|5     |LUT5 |    77|
|6     |LUT6 |    98|
|7     |FDCE |   420|
+------+-----+------+

Report Instance Areas: 
+------+---------+-------------+------+
|      |Instance |Module       |Cells |
+------+---------+-------------+------+
|1     |top      |             |   700|
|2     |  inst   |gpio_wrapper |   700|
|3     |    gpio |gpio_top     |   700|
+------+---------+-------------+------+
---------------------------------------------------------------------------------
Finished Writing Synthesis Report : Time (s): cpu = 00:00:15 ; elapsed = 00:00:15 . Memory (MB): peak = 2512.898 ; gain = 892.359 ; free physical = 18068 ; free virtual = 29930
---------------------------------------------------------------------------------
Synthesis finished with 0 errors, 0 critical warnings and 3 warnings.
Synthesis Optimization Runtime : Time (s): cpu = 00:00:15 ; elapsed = 00:00:15 . Memory (MB): peak = 2512.898 ; gain = 892.359 ; free physical = 18068 ; free virtual = 29930
Synthesis Optimization Complete : Time (s): cpu = 00:00:15 ; elapsed = 00:00:15 . Memory (MB): peak = 2512.906 ; gain = 892.359 ; free physical = 18068 ; free virtual = 29930
INFO: [Project 1-571] Translating synthesized netlist
Netlist sorting complete. Time (s): cpu = 00:00:00.01 ; elapsed = 00:00:00 . Memory (MB): peak = 2527.773 ; gain = 0.000 ; free physical = 18132 ; free virtual = 29993
INFO: [Project 1-570] Preparing netlist for logic optimization
INFO: [Opt 31-138] Pushed 0 inverter(s) to 0 load pin(s).
Netlist sorting complete. Time (s): cpu = 00:00:00 ; elapsed = 00:00:00 . Memory (MB): peak = 2668.387 ; gain = 0.000 ; free physical = 18891 ; free virtual = 30749
INFO: [Project 1-111] Unisim Transformation Summary:
No Unisim elements were transformed.

Synth Design complete | Checksum: e45fbe4c
INFO: [Common 17-83] Releasing license: Synthesis
36 Infos, 3 Warnings, 0 Critical Warnings and 0 Errors encountered.
synth_design completed successfully
synth_design: Time (s): cpu = 00:00:21 ; elapsed = 00:00:18 . Memory (MB): peak = 2668.422 ; gain = 1047.883 ; free physical = 18888 ; free virtual = 30746
INFO: [Common 17-2834] synth_design peak Physical Memory [PSS] (MB): overall = 1647.052; main = 1647.052; forked = 213.084
INFO: [Common 17-2834] synth_design peak Virtual Memory [VSS] (MB): overall = 3200.336; main = 2668.391; forked = 994.270
INFO: [Coretcl 2-1174] Renamed 2 cell refs.
INFO: [Timing 38-35] Done setting XDC timing constraints.
Write ShapeDB Complete: Time (s): cpu = 00:00:00 ; elapsed = 00:00:00 . Memory (MB): peak = 2756.430 ; gain = 0.000 ; free physical = 20403 ; free virtual = 32310
INFO: [Common 17-1381] The checkpoint '/home/gost/Desktop/Repositories/RVfpgaSoC-Labs/Lab1/Lab1.runs/BD_gpio_wrapper_0_0_synth_1/BD_gpio_wrapper_0_0.dcp' has been generated.
INFO: [Vivado 12-24828] Executing command : report_utilization -file BD_gpio_wrapper_0_0_utilization_synth.rpt -pb BD_gpio_wrapper_0_0_utilization_synth.pb
INFO: [Common 17-206] Exiting Vivado at Tue Feb 17 08:49:48 2026...
