
*** Running vivado
    with args -log BD_syscon_wrapper_0_0.vds -m64 -product Vivado -mode batch -messageDb vivado.pb -notrace -source BD_syscon_wrapper_0_0.tcl


****** Vivado v2025.2 (64-bit)
  **** SW Build 6299465 on Fri Nov 14 12:34:56 MST 2025
  **** IP Build 6300035 on Fri Nov 14 10:48:45 MST 2025
  **** SharedData Build 6298862 on Thu Nov 13 04:50:51 MST 2025
  **** Start of session at: Tue Feb 24 08:37:15 2026
    ** Copyright 1986-2022 Xilinx, Inc. All Rights Reserved.
    ** Copyright 2022-2025 Advanced Micro Devices, Inc. All Rights Reserved.

source BD_syscon_wrapper_0_0.tcl -notrace
INFO: [IP_Flow 19-234] Refreshing IP repositories
INFO: [IP_Flow 19-1704] No user IP repositories specified
INFO: [IP_Flow 19-2313] Loaded Vivado IP repository '/home/gost/Xilinx/2025.2/data/ip'.
Command: synth_design -top BD_syscon_wrapper_0_0 -part xc7a100tcsg324-1 -incremental_mode off -mode out_of_context
Starting synth_design
Attempting to get a license for feature 'Synthesis' and/or device 'xc7a100t'
INFO: [Common 17-349] Got license for feature 'Synthesis' and/or device 'xc7a100t'
INFO: [Designutils 20-5008] Incremental synthesis strategy off
INFO: [Synth 8-7079] Multithreading enabled for synth_design using a maximum of 7 processes.
INFO: [Synth 8-7078] Launching helper process for spawning children vivado processes
INFO: [Synth 8-7075] Helper process launched with PID 7749
---------------------------------------------------------------------------------
Starting Synthesize : Time (s): cpu = 00:00:04 ; elapsed = 00:00:04 . Memory (MB): peak = 2082.238 ; gain = 458.703 ; free physical = 22206 ; free virtual = 33376
---------------------------------------------------------------------------------
WARNING: [Synth 8-6901] identifier 'Enables_Reg' is used before its declaration [/home/gost/Desktop/Repositories/RVfpgaSoC-Labs/Lab1/Lab1.srcs/sources_1/imports/src/SweRVolfSoC/Peripherals/SystemController/swervolf_syscon.v:220]
WARNING: [Synth 8-6901] identifier 'Digits_Reg' is used before its declaration [/home/gost/Desktop/Repositories/RVfpgaSoC-Labs/Lab1/Lab1.srcs/sources_1/imports/src/SweRVolfSoC/Peripherals/SystemController/swervolf_syscon.v:223]
WARNING: [Synth 8-6901] identifier 'Digits_Reg' is used before its declaration [/home/gost/Desktop/Repositories/RVfpgaSoC-Labs/Lab1/Lab1.srcs/sources_1/imports/src/SweRVolfSoC/Peripherals/SystemController/swervolf_syscon.v:224]
WARNING: [Synth 8-6901] identifier 'Digits_Reg' is used before its declaration [/home/gost/Desktop/Repositories/RVfpgaSoC-Labs/Lab1/Lab1.srcs/sources_1/imports/src/SweRVolfSoC/Peripherals/SystemController/swervolf_syscon.v:225]
WARNING: [Synth 8-6901] identifier 'Digits_Reg' is used before its declaration [/home/gost/Desktop/Repositories/RVfpgaSoC-Labs/Lab1/Lab1.srcs/sources_1/imports/src/SweRVolfSoC/Peripherals/SystemController/swervolf_syscon.v:226]
WARNING: [Synth 8-11145] root scope declaration is not allowed in Verilog 95/2K mode [/home/gost/Desktop/Repositories/RVfpgaSoC-Labs/Lab1/Lab1.srcs/sources_1/imports/src/SweRVolfSoC/Peripherals/SystemController/swervolf_syscon.v:295]
INFO: [Synth 8-11241] undeclared symbol 'enable', assumed default net type 'wire' [/home/gost/Desktop/Repositories/RVfpgaSoC-Labs/Lab1/Lab1.srcs/sources_1/imports/src/SweRVolfSoC/Peripherals/SystemController/swervolf_syscon.v:339]
INFO: [Synth 8-11241] undeclared symbol 'digits_concat', assumed default net type 'wire' [/home/gost/Desktop/Repositories/RVfpgaSoC-Labs/Lab1/Lab1.srcs/sources_1/imports/src/SweRVolfSoC/Peripherals/SystemController/swervolf_syscon.v:361]
INFO: [Synth 8-6157] synthesizing module 'BD_syscon_wrapper_0_0' [/home/gost/Desktop/Repositories/RVfpgaSoC-Labs/Lab1/Lab1.gen/sources_1/bd/BD/ip/BD_syscon_wrapper_0_0/synth/BD_syscon_wrapper_0_0.v:53]
INFO: [Synth 8-6157] synthesizing module 'syscon_wrapper' [/home/gost/Desktop/Repositories/RVfpgaSoC-Labs/Lab1/Lab1.srcs/sources_1/imports/src/SweRVolfSoC/Peripherals/SystemController/syscon_wrapper.v:23]
INFO: [Synth 8-6157] synthesizing module 'swervolf_syscon' [/home/gost/Desktop/Repositories/RVfpgaSoC-Labs/Lab1/Lab1.srcs/sources_1/imports/src/SweRVolfSoC/Peripherals/SystemController/swervolf_syscon.v:26]
INFO: [Synth 8-155] case statement is not full and has no default [/home/gost/Desktop/Repositories/RVfpgaSoC-Labs/Lab1/Lab1.srcs/sources_1/imports/src/SweRVolfSoC/Peripherals/SystemController/swervolf_syscon.v:163]
INFO: [Synth 8-155] case statement is not full and has no default [/home/gost/Desktop/Repositories/RVfpgaSoC-Labs/Lab1/Lab1.srcs/sources_1/imports/src/SweRVolfSoC/Peripherals/SystemController/swervolf_syscon.v:230]
INFO: [Synth 8-6157] synthesizing module 'SevSegDisplays_Controller' [/home/gost/Desktop/Repositories/RVfpgaSoC-Labs/Lab1/Lab1.srcs/sources_1/imports/src/SweRVolfSoC/Peripherals/SystemController/swervolf_syscon.v:297]
INFO: [Synth 8-6157] synthesizing module 'SevenSegDecoder' [/home/gost/Desktop/Repositories/RVfpgaSoC-Labs/Lab1/Lab1.srcs/sources_1/imports/src/SweRVolfSoC/Peripherals/SystemController/swervolf_syscon.v:370]
INFO: [Synth 8-226] default block is never used [/home/gost/Desktop/Repositories/RVfpgaSoC-Labs/Lab1/Lab1.srcs/sources_1/imports/src/SweRVolfSoC/Peripherals/SystemController/swervolf_syscon.v:373]
INFO: [Synth 8-6155] done synthesizing module 'SevenSegDecoder' (0#1) [/home/gost/Desktop/Repositories/RVfpgaSoC-Labs/Lab1/Lab1.srcs/sources_1/imports/src/SweRVolfSoC/Peripherals/SystemController/swervolf_syscon.v:370]
INFO: [Synth 8-6157] synthesizing module 'counter' [/home/gost/Desktop/Repositories/RVfpgaSoC-Labs/Lab1/Lab1.srcs/sources_1/imports/src/OtherSources/pulp-platform.org__common_cells_1.20.0/src/counter.sv:14]
	Parameter WIDTH bound to: 20 - type: integer 
INFO: [Synth 8-6157] synthesizing module 'delta_counter' [/home/gost/Desktop/Repositories/RVfpgaSoC-Labs/Lab1/Lab1.srcs/sources_1/imports/src/OtherSources/pulp-platform.org__common_cells_1.20.0/src/delta_counter.sv:13]
	Parameter WIDTH bound to: 20 - type: integer 
	Parameter STICKY_OVERFLOW bound to: 1'b0 
INFO: [Synth 8-6155] done synthesizing module 'delta_counter' (0#1) [/home/gost/Desktop/Repositories/RVfpgaSoC-Labs/Lab1/Lab1.srcs/sources_1/imports/src/OtherSources/pulp-platform.org__common_cells_1.20.0/src/delta_counter.sv:13]
INFO: [Synth 8-6155] done synthesizing module 'counter' (0#1) [/home/gost/Desktop/Repositories/RVfpgaSoC-Labs/Lab1/Lab1.srcs/sources_1/imports/src/OtherSources/pulp-platform.org__common_cells_1.20.0/src/counter.sv:14]
INFO: [Synth 8-6157] synthesizing module 'SevSegMux' [/home/gost/Desktop/Repositories/RVfpgaSoC-Labs/Lab1/Lab1.srcs/sources_1/imports/src/SweRVolfSoC/Peripherals/SystemController/swervolf_syscon.v:398]
	Parameter DATA_WIDTH bound to: 8 - type: integer 
	Parameter N_IN bound to: 8 - type: integer 
INFO: [Synth 8-6155] done synthesizing module 'SevSegMux' (0#1) [/home/gost/Desktop/Repositories/RVfpgaSoC-Labs/Lab1/Lab1.srcs/sources_1/imports/src/SweRVolfSoC/Peripherals/SystemController/swervolf_syscon.v:398]
INFO: [Synth 8-6157] synthesizing module 'SevSegMux__parameterized0' [/home/gost/Desktop/Repositories/RVfpgaSoC-Labs/Lab1/Lab1.srcs/sources_1/imports/src/SweRVolfSoC/Peripherals/SystemController/swervolf_syscon.v:398]
	Parameter DATA_WIDTH bound to: 4 - type: integer 
	Parameter N_IN bound to: 8 - type: integer 
INFO: [Synth 8-6155] done synthesizing module 'SevSegMux__parameterized0' (0#1) [/home/gost/Desktop/Repositories/RVfpgaSoC-Labs/Lab1/Lab1.srcs/sources_1/imports/src/SweRVolfSoC/Peripherals/SystemController/swervolf_syscon.v:398]
INFO: [Synth 8-6155] done synthesizing module 'SevSegDisplays_Controller' (0#1) [/home/gost/Desktop/Repositories/RVfpgaSoC-Labs/Lab1/Lab1.srcs/sources_1/imports/src/SweRVolfSoC/Peripherals/SystemController/swervolf_syscon.v:297]
INFO: [Synth 8-6155] done synthesizing module 'swervolf_syscon' (0#1) [/home/gost/Desktop/Repositories/RVfpgaSoC-Labs/Lab1/Lab1.srcs/sources_1/imports/src/SweRVolfSoC/Peripherals/SystemController/swervolf_syscon.v:26]
INFO: [Synth 8-6155] done synthesizing module 'syscon_wrapper' (0#1) [/home/gost/Desktop/Repositories/RVfpgaSoC-Labs/Lab1/Lab1.srcs/sources_1/imports/src/SweRVolfSoC/Peripherals/SystemController/syscon_wrapper.v:23]
INFO: [Synth 8-6155] done synthesizing module 'BD_syscon_wrapper_0_0' (0#1) [/home/gost/Desktop/Repositories/RVfpgaSoC-Labs/Lab1/Lab1.gen/sources_1/bd/BD/ip/BD_syscon_wrapper_0_0/synth/BD_syscon_wrapper_0_0.v:53]
WARNING: [Synth 8-3848] Net enable in module/entity SevSegDisplays_Controller does not have driver. [/home/gost/Desktop/Repositories/RVfpgaSoC-Labs/Lab1/Lab1.srcs/sources_1/imports/src/SweRVolfSoC/Peripherals/SystemController/swervolf_syscon.v:339]
WARNING: [Synth 8-3848] Net digits_concat in module/entity SevSegDisplays_Controller does not have driver. [/home/gost/Desktop/Repositories/RVfpgaSoC-Labs/Lab1/Lab1.srcs/sources_1/imports/src/SweRVolfSoC/Peripherals/SystemController/swervolf_syscon.v:361]
INFO: [Synth 8-7129] Port Enables_Reg[7] in module SevSegDisplays_Controller is either unconnected or has no load
INFO: [Synth 8-7129] Port Enables_Reg[6] in module SevSegDisplays_Controller is either unconnected or has no load
INFO: [Synth 8-7129] Port Enables_Reg[5] in module SevSegDisplays_Controller is either unconnected or has no load
INFO: [Synth 8-7129] Port Enables_Reg[4] in module SevSegDisplays_Controller is either unconnected or has no load
INFO: [Synth 8-7129] Port Enables_Reg[3] in module SevSegDisplays_Controller is either unconnected or has no load
INFO: [Synth 8-7129] Port Enables_Reg[2] in module SevSegDisplays_Controller is either unconnected or has no load
INFO: [Synth 8-7129] Port Enables_Reg[1] in module SevSegDisplays_Controller is either unconnected or has no load
INFO: [Synth 8-7129] Port Enables_Reg[0] in module SevSegDisplays_Controller is either unconnected or has no load
INFO: [Synth 8-7129] Port Digits_Reg[31] in module SevSegDisplays_Controller is either unconnected or has no load
INFO: [Synth 8-7129] Port Digits_Reg[30] in module SevSegDisplays_Controller is either unconnected or has no load
INFO: [Synth 8-7129] Port Digits_Reg[29] in module SevSegDisplays_Controller is either unconnected or has no load
INFO: [Synth 8-7129] Port Digits_Reg[28] in module SevSegDisplays_Controller is either unconnected or has no load
INFO: [Synth 8-7129] Port Digits_Reg[27] in module SevSegDisplays_Controller is either unconnected or has no load
INFO: [Synth 8-7129] Port Digits_Reg[26] in module SevSegDisplays_Controller is either unconnected or has no load
INFO: [Synth 8-7129] Port Digits_Reg[25] in module SevSegDisplays_Controller is either unconnected or has no load
INFO: [Synth 8-7129] Port Digits_Reg[24] in module SevSegDisplays_Controller is either unconnected or has no load
INFO: [Synth 8-7129] Port Digits_Reg[23] in module SevSegDisplays_Controller is either unconnected or has no load
INFO: [Synth 8-7129] Port Digits_Reg[22] in module SevSegDisplays_Controller is either unconnected or has no load
INFO: [Synth 8-7129] Port Digits_Reg[21] in module SevSegDisplays_Controller is either unconnected or has no load
INFO: [Synth 8-7129] Port Digits_Reg[20] in module SevSegDisplays_Controller is either unconnected or has no load
INFO: [Synth 8-7129] Port Digits_Reg[19] in module SevSegDisplays_Controller is either unconnected or has no load
INFO: [Synth 8-7129] Port Digits_Reg[18] in module SevSegDisplays_Controller is either unconnected or has no load
INFO: [Synth 8-7129] Port Digits_Reg[17] in module SevSegDisplays_Controller is either unconnected or has no load
INFO: [Synth 8-7129] Port Digits_Reg[16] in module SevSegDisplays_Controller is either unconnected or has no load
INFO: [Synth 8-7129] Port Digits_Reg[15] in module SevSegDisplays_Controller is either unconnected or has no load
INFO: [Synth 8-7129] Port Digits_Reg[14] in module SevSegDisplays_Controller is either unconnected or has no load
INFO: [Synth 8-7129] Port Digits_Reg[13] in module SevSegDisplays_Controller is either unconnected or has no load
INFO: [Synth 8-7129] Port Digits_Reg[12] in module SevSegDisplays_Controller is either unconnected or has no load
INFO: [Synth 8-7129] Port Digits_Reg[11] in module SevSegDisplays_Controller is either unconnected or has no load
INFO: [Synth 8-7129] Port Digits_Reg[10] in module SevSegDisplays_Controller is either unconnected or has no load
INFO: [Synth 8-7129] Port Digits_Reg[9] in module SevSegDisplays_Controller is either unconnected or has no load
INFO: [Synth 8-7129] Port Digits_Reg[8] in module SevSegDisplays_Controller is either unconnected or has no load
INFO: [Synth 8-7129] Port Digits_Reg[7] in module SevSegDisplays_Controller is either unconnected or has no load
INFO: [Synth 8-7129] Port Digits_Reg[6] in module SevSegDisplays_Controller is either unconnected or has no load
INFO: [Synth 8-7129] Port Digits_Reg[5] in module SevSegDisplays_Controller is either unconnected or has no load
INFO: [Synth 8-7129] Port Digits_Reg[4] in module SevSegDisplays_Controller is either unconnected or has no load
INFO: [Synth 8-7129] Port Digits_Reg[3] in module SevSegDisplays_Controller is either unconnected or has no load
INFO: [Synth 8-7129] Port Digits_Reg[2] in module SevSegDisplays_Controller is either unconnected or has no load
INFO: [Synth 8-7129] Port Digits_Reg[1] in module SevSegDisplays_Controller is either unconnected or has no load
INFO: [Synth 8-7129] Port Digits_Reg[0] in module SevSegDisplays_Controller is either unconnected or has no load
INFO: [Synth 8-7129] Port i_wb_adr[1] in module swervolf_syscon is either unconnected or has no load
INFO: [Synth 8-7129] Port i_wb_adr[0] in module swervolf_syscon is either unconnected or has no load
INFO: [Synth 8-7129] Port i_wb_adr[31] in module syscon_wrapper is either unconnected or has no load
INFO: [Synth 8-7129] Port i_wb_adr[30] in module syscon_wrapper is either unconnected or has no load
INFO: [Synth 8-7129] Port i_wb_adr[29] in module syscon_wrapper is either unconnected or has no load
INFO: [Synth 8-7129] Port i_wb_adr[28] in module syscon_wrapper is either unconnected or has no load
INFO: [Synth 8-7129] Port i_wb_adr[27] in module syscon_wrapper is either unconnected or has no load
INFO: [Synth 8-7129] Port i_wb_adr[26] in module syscon_wrapper is either unconnected or has no load
INFO: [Synth 8-7129] Port i_wb_adr[25] in module syscon_wrapper is either unconnected or has no load
INFO: [Synth 8-7129] Port i_wb_adr[24] in module syscon_wrapper is either unconnected or has no load
INFO: [Synth 8-7129] Port i_wb_adr[23] in module syscon_wrapper is either unconnected or has no load
INFO: [Synth 8-7129] Port i_wb_adr[22] in module syscon_wrapper is either unconnected or has no load
INFO: [Synth 8-7129] Port i_wb_adr[21] in module syscon_wrapper is either unconnected or has no load
INFO: [Synth 8-7129] Port i_wb_adr[20] in module syscon_wrapper is either unconnected or has no load
INFO: [Synth 8-7129] Port i_wb_adr[19] in module syscon_wrapper is either unconnected or has no load
INFO: [Synth 8-7129] Port i_wb_adr[18] in module syscon_wrapper is either unconnected or has no load
INFO: [Synth 8-7129] Port i_wb_adr[17] in module syscon_wrapper is either unconnected or has no load
INFO: [Synth 8-7129] Port i_wb_adr[16] in module syscon_wrapper is either unconnected or has no load
INFO: [Synth 8-7129] Port i_wb_adr[15] in module syscon_wrapper is either unconnected or has no load
INFO: [Synth 8-7129] Port i_wb_adr[14] in module syscon_wrapper is either unconnected or has no load
INFO: [Synth 8-7129] Port i_wb_adr[13] in module syscon_wrapper is either unconnected or has no load
INFO: [Synth 8-7129] Port i_wb_adr[12] in module syscon_wrapper is either unconnected or has no load
INFO: [Synth 8-7129] Port i_wb_adr[11] in module syscon_wrapper is either unconnected or has no load
INFO: [Synth 8-7129] Port i_wb_adr[10] in module syscon_wrapper is either unconnected or has no load
INFO: [Synth 8-7129] Port i_wb_adr[9] in module syscon_wrapper is either unconnected or has no load
INFO: [Synth 8-7129] Port i_wb_adr[8] in module syscon_wrapper is either unconnected or has no load
INFO: [Synth 8-7129] Port i_wb_adr[7] in module syscon_wrapper is either unconnected or has no load
INFO: [Synth 8-7129] Port i_wb_adr[6] in module syscon_wrapper is either unconnected or has no load
---------------------------------------------------------------------------------
Finished Synthesize : Time (s): cpu = 00:00:05 ; elapsed = 00:00:05 . Memory (MB): peak = 2170.176 ; gain = 546.641 ; free physical = 21960 ; free virtual = 33133
---------------------------------------------------------------------------------
---------------------------------------------------------------------------------
Finished Constraint Validation : Time (s): cpu = 00:00:05 ; elapsed = 00:00:06 . Memory (MB): peak = 2185.020 ; gain = 561.484 ; free physical = 23169 ; free virtual = 34350
---------------------------------------------------------------------------------
---------------------------------------------------------------------------------
Start Loading Part and Timing Information
---------------------------------------------------------------------------------
Loading part: xc7a100tcsg324-1
INFO: [Device 21-403] Loading part xc7a100tcsg324-1
---------------------------------------------------------------------------------
Finished Loading Part and Timing Information : Time (s): cpu = 00:00:05 ; elapsed = 00:00:06 . Memory (MB): peak = 2185.020 ; gain = 561.484 ; free physical = 23169 ; free virtual = 34350
---------------------------------------------------------------------------------
---------------------------------------------------------------------------------
Finished RTL Optimization Phase 2 : Time (s): cpu = 00:00:06 ; elapsed = 00:00:06 . Memory (MB): peak = 2201.934 ; gain = 578.398 ; free physical = 23128 ; free virtual = 34311
---------------------------------------------------------------------------------
No constraint files found.
---------------------------------------------------------------------------------
Start RTL Component Statistics 
---------------------------------------------------------------------------------
Detailed RTL Component Info : 
+---Adders : 
	   2 Input   32 Bit       Adders := 1     
	   3 Input   21 Bit       Adders := 1     
+---XORs : 
	   2 Input      1 Bit         XORs := 2     
+---Registers : 
	               64 Bit    Registers := 1     
	               32 Bit    Registers := 4     
	               21 Bit    Registers := 1     
	                8 Bit    Registers := 1     
	                1 Bit    Registers := 15    
+---Muxes : 
	   2 Input   64 Bit        Muxes := 1     
	  10 Input   64 Bit        Muxes := 1     
	   2 Input   32 Bit        Muxes := 4     
	  10 Input   32 Bit        Muxes := 4     
	   2 Input   21 Bit        Muxes := 3     
	   2 Input    8 Bit        Muxes := 8     
	   2 Input    1 Bit        Muxes := 22    
	  10 Input    1 Bit        Muxes := 10    
	  13 Input    1 Bit        Muxes := 1     
---------------------------------------------------------------------------------
Finished RTL Component Statistics 
---------------------------------------------------------------------------------
---------------------------------------------------------------------------------
Start Part Resource Summary
---------------------------------------------------------------------------------
Part Resources:
DSPs: 240 (col length:80)
BRAMs: 270 (col length: RAMB18 80 RAMB36 40)
---------------------------------------------------------------------------------
Finished Part Resource Summary
---------------------------------------------------------------------------------
No constraint files found.
---------------------------------------------------------------------------------
Start Cross Boundary and Area Optimization
---------------------------------------------------------------------------------
INFO: [Synth 8-7129] Port Enables_Reg[7] in module SevSegDisplays_Controller is either unconnected or has no load
INFO: [Synth 8-7129] Port Enables_Reg[6] in module SevSegDisplays_Controller is either unconnected or has no load
INFO: [Synth 8-7129] Port Enables_Reg[5] in module SevSegDisplays_Controller is either unconnected or has no load
INFO: [Synth 8-7129] Port Enables_Reg[4] in module SevSegDisplays_Controller is either unconnected or has no load
INFO: [Synth 8-7129] Port Enables_Reg[3] in module SevSegDisplays_Controller is either unconnected or has no load
INFO: [Synth 8-7129] Port Enables_Reg[2] in module SevSegDisplays_Controller is either unconnected or has no load
INFO: [Synth 8-7129] Port Enables_Reg[1] in module SevSegDisplays_Controller is either unconnected or has no load
INFO: [Synth 8-7129] Port Enables_Reg[0] in module SevSegDisplays_Controller is either unconnected or has no load
INFO: [Synth 8-7129] Port Digits_Reg[31] in module SevSegDisplays_Controller is either unconnected or has no load
INFO: [Synth 8-7129] Port Digits_Reg[30] in module SevSegDisplays_Controller is either unconnected or has no load
INFO: [Synth 8-7129] Port Digits_Reg[29] in module SevSegDisplays_Controller is either unconnected or has no load
INFO: [Synth 8-7129] Port Digits_Reg[28] in module SevSegDisplays_Controller is either unconnected or has no load
INFO: [Synth 8-7129] Port Digits_Reg[27] in module SevSegDisplays_Controller is either unconnected or has no load
INFO: [Synth 8-7129] Port Digits_Reg[26] in module SevSegDisplays_Controller is either unconnected or has no load
INFO: [Synth 8-7129] Port Digits_Reg[25] in module SevSegDisplays_Controller is either unconnected or has no load
INFO: [Synth 8-7129] Port Digits_Reg[24] in module SevSegDisplays_Controller is either unconnected or has no load
INFO: [Synth 8-7129] Port Digits_Reg[23] in module SevSegDisplays_Controller is either unconnected or has no load
INFO: [Synth 8-7129] Port Digits_Reg[22] in module SevSegDisplays_Controller is either unconnected or has no load
INFO: [Synth 8-7129] Port Digits_Reg[21] in module SevSegDisplays_Controller is either unconnected or has no load
INFO: [Synth 8-7129] Port Digits_Reg[20] in module SevSegDisplays_Controller is either unconnected or has no load
INFO: [Synth 8-7129] Port Digits_Reg[19] in module SevSegDisplays_Controller is either unconnected or has no load
INFO: [Synth 8-7129] Port Digits_Reg[18] in module SevSegDisplays_Controller is either unconnected or has no load
INFO: [Synth 8-7129] Port Digits_Reg[17] in module SevSegDisplays_Controller is either unconnected or has no load
INFO: [Synth 8-7129] Port Digits_Reg[16] in module SevSegDisplays_Controller is either unconnected or has no load
INFO: [Synth 8-7129] Port Digits_Reg[15] in module SevSegDisplays_Controller is either unconnected or has no load
INFO: [Synth 8-7129] Port Digits_Reg[14] in module SevSegDisplays_Controller is either unconnected or has no load
INFO: [Synth 8-7129] Port Digits_Reg[13] in module SevSegDisplays_Controller is either unconnected or has no load
INFO: [Synth 8-7129] Port Digits_Reg[12] in module SevSegDisplays_Controller is either unconnected or has no load
INFO: [Synth 8-7129] Port Digits_Reg[11] in module SevSegDisplays_Controller is either unconnected or has no load
INFO: [Synth 8-7129] Port Digits_Reg[10] in module SevSegDisplays_Controller is either unconnected or has no load
INFO: [Synth 8-7129] Port Digits_Reg[9] in module SevSegDisplays_Controller is either unconnected or has no load
INFO: [Synth 8-7129] Port Digits_Reg[8] in module SevSegDisplays_Controller is either unconnected or has no load
INFO: [Common 17-14] Message 'Synth 8-7129' appears 100 times and further instances of the messages will be disabled. Use the Tcl command set_msg_config to change the current settings.
---------------------------------------------------------------------------------
Finished Cross Boundary and Area Optimization : Time (s): cpu = 00:00:08 ; elapsed = 00:00:09 . Memory (MB): peak = 2343.934 ; gain = 720.398 ; free physical = 22840 ; free virtual = 34072
---------------------------------------------------------------------------------
No constraint files found.
---------------------------------------------------------------------------------
Start Timing Optimization
---------------------------------------------------------------------------------
---------------------------------------------------------------------------------
Finished Timing Optimization : Time (s): cpu = 00:00:08 ; elapsed = 00:00:09 . Memory (MB): peak = 2343.934 ; gain = 720.398 ; free physical = 22831 ; free virtual = 34069
---------------------------------------------------------------------------------
---------------------------------------------------------------------------------
Start Technology Mapping
---------------------------------------------------------------------------------
---------------------------------------------------------------------------------
Finished Technology Mapping : Time (s): cpu = 00:00:08 ; elapsed = 00:00:09 . Memory (MB): peak = 2343.934 ; gain = 720.398 ; free physical = 22827 ; free virtual = 34071
---------------------------------------------------------------------------------
---------------------------------------------------------------------------------
Start IO Insertion
---------------------------------------------------------------------------------
---------------------------------------------------------------------------------
Start Flattening Before IO Insertion
---------------------------------------------------------------------------------
---------------------------------------------------------------------------------
Finished Flattening Before IO Insertion
---------------------------------------------------------------------------------
---------------------------------------------------------------------------------
Start Final Netlist Cleanup
---------------------------------------------------------------------------------
---------------------------------------------------------------------------------
Finished Final Netlist Cleanup
---------------------------------------------------------------------------------
---------------------------------------------------------------------------------
Finished IO Insertion : Time (s): cpu = 00:00:10 ; elapsed = 00:00:11 . Memory (MB): peak = 2514.746 ; gain = 891.211 ; free physical = 22456 ; free virtual = 33909
---------------------------------------------------------------------------------
---------------------------------------------------------------------------------
Start Renaming Generated Instances
---------------------------------------------------------------------------------
---------------------------------------------------------------------------------
Finished Renaming Generated Instances : Time (s): cpu = 00:00:10 ; elapsed = 00:00:11 . Memory (MB): peak = 2514.746 ; gain = 891.211 ; free physical = 22456 ; free virtual = 33909
---------------------------------------------------------------------------------
---------------------------------------------------------------------------------
Start Rebuilding User Hierarchy
---------------------------------------------------------------------------------
---------------------------------------------------------------------------------
Finished Rebuilding User Hierarchy : Time (s): cpu = 00:00:10 ; elapsed = 00:00:11 . Memory (MB): peak = 2514.746 ; gain = 891.211 ; free physical = 22456 ; free virtual = 33910
---------------------------------------------------------------------------------
---------------------------------------------------------------------------------
Start Renaming Generated Ports
---------------------------------------------------------------------------------
---------------------------------------------------------------------------------
Finished Renaming Generated Ports : Time (s): cpu = 00:00:10 ; elapsed = 00:00:11 . Memory (MB): peak = 2514.746 ; gain = 891.211 ; free physical = 22456 ; free virtual = 33910
---------------------------------------------------------------------------------
---------------------------------------------------------------------------------
Start Handling Custom Attributes
---------------------------------------------------------------------------------
---------------------------------------------------------------------------------
Finished Handling Custom Attributes : Time (s): cpu = 00:00:10 ; elapsed = 00:00:11 . Memory (MB): peak = 2514.746 ; gain = 891.211 ; free physical = 22456 ; free virtual = 33909
---------------------------------------------------------------------------------
---------------------------------------------------------------------------------
Start Renaming Generated Nets
---------------------------------------------------------------------------------
---------------------------------------------------------------------------------
Finished Renaming Generated Nets : Time (s): cpu = 00:00:10 ; elapsed = 00:00:11 . Memory (MB): peak = 2514.746 ; gain = 891.211 ; free physical = 22456 ; free virtual = 33909
---------------------------------------------------------------------------------
---------------------------------------------------------------------------------
Start Writing Synthesis Report
---------------------------------------------------------------------------------

Report BlackBoxes: 
+-+--------------+----------+
| |BlackBox name |Instances |
+-+--------------+----------+
+-+--------------+----------+

Report Cell Usage: 
+------+-------+------+
|      |Cell   |Count |
+------+-------+------+
|1     |CARRY4 |    32|
|2     |LUT1   |    33|
|3     |LUT2   |     6|
|4     |LUT3   |     1|
|5     |LUT4   |   128|
|6     |LUT5   |    10|
|7     |LUT6   |    97|
|8     |MUXF7  |     2|
|9     |FDRE   |   239|
+------+-------+------+

Report Instance Areas: 
+------+-----------+----------------+------+
|      |Instance   |Module          |Cells |
+------+-----------+----------------+------+
|1     |top        |                |   548|
|2     |  inst     |syscon_wrapper  |   548|
|3     |    syscon |swervolf_syscon |   542|
+------+-----------+----------------+------+
---------------------------------------------------------------------------------
Finished Writing Synthesis Report : Time (s): cpu = 00:00:10 ; elapsed = 00:00:11 . Memory (MB): peak = 2514.746 ; gain = 891.211 ; free physical = 22456 ; free virtual = 33909
---------------------------------------------------------------------------------
Synthesis finished with 0 errors, 0 critical warnings and 8 warnings.
Synthesis Optimization Runtime : Time (s): cpu = 00:00:10 ; elapsed = 00:00:11 . Memory (MB): peak = 2514.746 ; gain = 891.211 ; free physical = 22456 ; free virtual = 33910
Synthesis Optimization Complete : Time (s): cpu = 00:00:10 ; elapsed = 00:00:11 . Memory (MB): peak = 2514.754 ; gain = 891.211 ; free physical = 22456 ; free virtual = 33910
INFO: [Project 1-571] Translating synthesized netlist
Netlist sorting complete. Time (s): cpu = 00:00:00.01 ; elapsed = 00:00:00 . Memory (MB): peak = 2528.621 ; gain = 0.000 ; free physical = 22634 ; free virtual = 34090
INFO: [Netlist 29-17] Analyzing 34 Unisim elements for replacement
INFO: [Netlist 29-28] Unisim Transformation completed in 0 CPU seconds
INFO: [Project 1-570] Preparing netlist for logic optimization
INFO: [Opt 31-138] Pushed 0 inverter(s) to 0 load pin(s).
Netlist sorting complete. Time (s): cpu = 00:00:00 ; elapsed = 00:00:00 . Memory (MB): peak = 2670.234 ; gain = 0.000 ; free physical = 22862 ; free virtual = 34100
INFO: [Project 1-111] Unisim Transformation Summary:
No Unisim elements were transformed.

Synth Design complete | Checksum: 4f9c749b
INFO: [Common 17-83] Releasing license: Synthesis
140 Infos, 8 Warnings, 0 Critical Warnings and 0 Errors encountered.
synth_design completed successfully
synth_design: Time (s): cpu = 00:00:16 ; elapsed = 00:00:13 . Memory (MB): peak = 2670.270 ; gain = 1046.734 ; free physical = 22859 ; free virtual = 34099
INFO: [Common 17-2834] synth_design peak Physical Memory [PSS] (MB): overall = 1723.225; main = 1686.480; forked = 235.174
INFO: [Common 17-2834] synth_design peak Virtual Memory [VSS] (MB): overall = 3431.207; main = 2670.238; forked = 994.270
INFO: [Coretcl 2-1174] Renamed 2 cell refs.
INFO: [Timing 38-35] Done setting XDC timing constraints.
Write ShapeDB Complete: Time (s): cpu = 00:00:00.01 ; elapsed = 00:00:00 . Memory (MB): peak = 2774.277 ; gain = 0.000 ; free physical = 22801 ; free virtual = 34065
INFO: [Common 17-1381] The checkpoint '/home/gost/Desktop/Repositories/RVfpgaSoC-Labs/Lab1/Lab1.runs/BD_syscon_wrapper_0_0_synth_1/BD_syscon_wrapper_0_0.dcp' has been generated.
INFO: [Vivado 12-24828] Executing command : report_utilization -file BD_syscon_wrapper_0_0_utilization_synth.rpt -pb BD_syscon_wrapper_0_0_utilization_synth.pb
INFO: [Common 17-206] Exiting Vivado at Tue Feb 24 08:37:36 2026...
