
*** Running vivado
    with args -log rvfpga.vdi -applog -m64 -product Vivado -messageDb vivado.pb -mode batch -source rvfpga.tcl -notrace


****** Vivado v2025.2 (64-bit)
  **** SW Build 6299465 on Fri Nov 14 12:34:56 MST 2025
  **** IP Build 6300035 on Fri Nov 14 10:48:45 MST 2025
  **** SharedData Build 6298862 on Thu Nov 13 04:50:51 MST 2025
  **** Start of session at: Thu Feb 26 08:46:26 2026
    ** Copyright 1986-2022 Xilinx, Inc. All Rights Reserved.
    ** Copyright 2022-2025 Advanced Micro Devices, Inc. All Rights Reserved.

source rvfpga.tcl -notrace
INFO: [IP_Flow 19-234] Refreshing IP repositories
INFO: [IP_Flow 19-1704] No user IP repositories specified
INFO: [IP_Flow 19-2313] Loaded Vivado IP repository '/home/gost/Xilinx/2025.2/data/ip'.
Command: link_design -top rvfpga -part xc7a100tcsg324-1
Design is defaulting to srcset: sources_1
Design is defaulting to constrset: constrs_1
INFO: [Device 21-403] Loading part xc7a100tcsg324-1
INFO: [Project 1-5699] Read binary netlist with skipMacroContent - 1
INFO: [Project 1-454] Reading design checkpoint '/home/gost/Desktop/Repositories/RVfpgaSoC-Labs/Lab1/Lab1.gen/sources_1/bd/BD/ip/BD_bidirec_0_0/BD_bidirec_0_0.dcp' for cell 'swervolf/BD_i/bidirec_0'
INFO: [Project 1-454] Reading design checkpoint '/home/gost/Desktop/Repositories/RVfpgaSoC-Labs/Lab1/Lab1.gen/sources_1/bd/BD/ip/BD_bidirec_0_1/BD_bidirec_0_1.dcp' for cell 'swervolf/BD_i/bidirec_1'
INFO: [Project 1-454] Reading design checkpoint '/home/gost/Desktop/Repositories/RVfpgaSoC-Labs/Lab1/Lab1.gen/sources_1/bd/BD/ip/BD_bidirec_0_10/BD_bidirec_0_10.dcp' for cell 'swervolf/BD_i/bidirec_10'
INFO: [Project 1-454] Reading design checkpoint '/home/gost/Desktop/Repositories/RVfpgaSoC-Labs/Lab1/Lab1.gen/sources_1/bd/BD/ip/BD_bidirec_0_11/BD_bidirec_0_11.dcp' for cell 'swervolf/BD_i/bidirec_11'
INFO: [Project 1-454] Reading design checkpoint '/home/gost/Desktop/Repositories/RVfpgaSoC-Labs/Lab1/Lab1.gen/sources_1/bd/BD/ip/BD_bidirec_0_12/BD_bidirec_0_12.dcp' for cell 'swervolf/BD_i/bidirec_12'
INFO: [Project 1-454] Reading design checkpoint '/home/gost/Desktop/Repositories/RVfpgaSoC-Labs/Lab1/Lab1.gen/sources_1/bd/BD/ip/BD_bidirec_0_13/BD_bidirec_0_13.dcp' for cell 'swervolf/BD_i/bidirec_13'
INFO: [Project 1-454] Reading design checkpoint '/home/gost/Desktop/Repositories/RVfpgaSoC-Labs/Lab1/Lab1.gen/sources_1/bd/BD/ip/BD_bidirec_0_14/BD_bidirec_0_14.dcp' for cell 'swervolf/BD_i/bidirec_14'
INFO: [Project 1-454] Reading design checkpoint '/home/gost/Desktop/Repositories/RVfpgaSoC-Labs/Lab1/Lab1.gen/sources_1/bd/BD/ip/BD_bidirec_0_15/BD_bidirec_0_15.dcp' for cell 'swervolf/BD_i/bidirec_15'
INFO: [Project 1-454] Reading design checkpoint '/home/gost/Desktop/Repositories/RVfpgaSoC-Labs/Lab1/Lab1.gen/sources_1/bd/BD/ip/BD_bidirec_0_20/BD_bidirec_0_20.dcp' for cell 'swervolf/BD_i/bidirec_16'
INFO: [Project 1-454] Reading design checkpoint '/home/gost/Desktop/Repositories/RVfpgaSoC-Labs/Lab1/Lab1.gen/sources_1/bd/BD/ip/BD_bidirec_1_0/BD_bidirec_1_0.dcp' for cell 'swervolf/BD_i/bidirec_17'
INFO: [Project 1-454] Reading design checkpoint '/home/gost/Desktop/Repositories/RVfpgaSoC-Labs/Lab1/Lab1.gen/sources_1/bd/BD/ip/BD_bidirec_10_0/BD_bidirec_10_0.dcp' for cell 'swervolf/BD_i/bidirec_18'
INFO: [Project 1-454] Reading design checkpoint '/home/gost/Desktop/Repositories/RVfpgaSoC-Labs/Lab1/Lab1.gen/sources_1/bd/BD/ip/BD_bidirec_11_0/BD_bidirec_11_0.dcp' for cell 'swervolf/BD_i/bidirec_19'
INFO: [Project 1-454] Reading design checkpoint '/home/gost/Desktop/Repositories/RVfpgaSoC-Labs/Lab1/Lab1.gen/sources_1/bd/BD/ip/BD_bidirec_0_2/BD_bidirec_0_2.dcp' for cell 'swervolf/BD_i/bidirec_2'
INFO: [Project 1-454] Reading design checkpoint '/home/gost/Desktop/Repositories/RVfpgaSoC-Labs/Lab1/Lab1.gen/sources_1/bd/BD/ip/BD_bidirec_12_0/BD_bidirec_12_0.dcp' for cell 'swervolf/BD_i/bidirec_20'
INFO: [Project 1-454] Reading design checkpoint '/home/gost/Desktop/Repositories/RVfpgaSoC-Labs/Lab1/Lab1.gen/sources_1/bd/BD/ip/BD_bidirec_13_0/BD_bidirec_13_0.dcp' for cell 'swervolf/BD_i/bidirec_21'
INFO: [Project 1-454] Reading design checkpoint '/home/gost/Desktop/Repositories/RVfpgaSoC-Labs/Lab1/Lab1.gen/sources_1/bd/BD/ip/BD_bidirec_14_0/BD_bidirec_14_0.dcp' for cell 'swervolf/BD_i/bidirec_22'
INFO: [Project 1-454] Reading design checkpoint '/home/gost/Desktop/Repositories/RVfpgaSoC-Labs/Lab1/Lab1.gen/sources_1/bd/BD/ip/BD_bidirec_15_0/BD_bidirec_15_0.dcp' for cell 'swervolf/BD_i/bidirec_23'
INFO: [Project 1-454] Reading design checkpoint '/home/gost/Desktop/Repositories/RVfpgaSoC-Labs/Lab1/Lab1.gen/sources_1/bd/BD/ip/BD_bidirec_2_0/BD_bidirec_2_0.dcp' for cell 'swervolf/BD_i/bidirec_24'
INFO: [Project 1-454] Reading design checkpoint '/home/gost/Desktop/Repositories/RVfpgaSoC-Labs/Lab1/Lab1.gen/sources_1/bd/BD/ip/BD_bidirec_3_0/BD_bidirec_3_0.dcp' for cell 'swervolf/BD_i/bidirec_25'
INFO: [Project 1-454] Reading design checkpoint '/home/gost/Desktop/Repositories/RVfpgaSoC-Labs/Lab1/Lab1.gen/sources_1/bd/BD/ip/BD_bidirec_4_0/BD_bidirec_4_0.dcp' for cell 'swervolf/BD_i/bidirec_26'
INFO: [Project 1-454] Reading design checkpoint '/home/gost/Desktop/Repositories/RVfpgaSoC-Labs/Lab1/Lab1.gen/sources_1/bd/BD/ip/BD_bidirec_5_0/BD_bidirec_5_0.dcp' for cell 'swervolf/BD_i/bidirec_27'
INFO: [Project 1-454] Reading design checkpoint '/home/gost/Desktop/Repositories/RVfpgaSoC-Labs/Lab1/Lab1.gen/sources_1/bd/BD/ip/BD_bidirec_6_0/BD_bidirec_6_0.dcp' for cell 'swervolf/BD_i/bidirec_28'
INFO: [Project 1-454] Reading design checkpoint '/home/gost/Desktop/Repositories/RVfpgaSoC-Labs/Lab1/Lab1.gen/sources_1/bd/BD/ip/BD_bidirec_7_0/BD_bidirec_7_0.dcp' for cell 'swervolf/BD_i/bidirec_29'
INFO: [Project 1-454] Reading design checkpoint '/home/gost/Desktop/Repositories/RVfpgaSoC-Labs/Lab1/Lab1.gen/sources_1/bd/BD/ip/BD_bidirec_0_3/BD_bidirec_0_3.dcp' for cell 'swervolf/BD_i/bidirec_3'
INFO: [Project 1-454] Reading design checkpoint '/home/gost/Desktop/Repositories/RVfpgaSoC-Labs/Lab1/Lab1.gen/sources_1/bd/BD/ip/BD_bidirec_8_0/BD_bidirec_8_0.dcp' for cell 'swervolf/BD_i/bidirec_30'
INFO: [Project 1-454] Reading design checkpoint '/home/gost/Desktop/Repositories/RVfpgaSoC-Labs/Lab1/Lab1.gen/sources_1/bd/BD/ip/BD_bidirec_9_0/BD_bidirec_9_0.dcp' for cell 'swervolf/BD_i/bidirec_31'
INFO: [Project 1-454] Reading design checkpoint '/home/gost/Desktop/Repositories/RVfpgaSoC-Labs/Lab1/Lab1.gen/sources_1/bd/BD/ip/BD_bidirec_0_4/BD_bidirec_0_4.dcp' for cell 'swervolf/BD_i/bidirec_4'
INFO: [Project 1-454] Reading design checkpoint '/home/gost/Desktop/Repositories/RVfpgaSoC-Labs/Lab1/Lab1.gen/sources_1/bd/BD/ip/BD_bidirec_0_5/BD_bidirec_0_5.dcp' for cell 'swervolf/BD_i/bidirec_5'
INFO: [Project 1-454] Reading design checkpoint '/home/gost/Desktop/Repositories/RVfpgaSoC-Labs/Lab1/Lab1.gen/sources_1/bd/BD/ip/BD_bidirec_0_6/BD_bidirec_0_6.dcp' for cell 'swervolf/BD_i/bidirec_6'
INFO: [Project 1-454] Reading design checkpoint '/home/gost/Desktop/Repositories/RVfpgaSoC-Labs/Lab1/Lab1.gen/sources_1/bd/BD/ip/BD_bidirec_0_7/BD_bidirec_0_7.dcp' for cell 'swervolf/BD_i/bidirec_7'
INFO: [Project 1-454] Reading design checkpoint '/home/gost/Desktop/Repositories/RVfpgaSoC-Labs/Lab1/Lab1.gen/sources_1/bd/BD/ip/BD_bidirec_0_8/BD_bidirec_0_8.dcp' for cell 'swervolf/BD_i/bidirec_8'
INFO: [Project 1-454] Reading design checkpoint '/home/gost/Desktop/Repositories/RVfpgaSoC-Labs/Lab1/Lab1.gen/sources_1/bd/BD/ip/BD_bidirec_0_9/BD_bidirec_0_9.dcp' for cell 'swervolf/BD_i/bidirec_9'
INFO: [Project 1-454] Reading design checkpoint '/home/gost/Desktop/Repositories/RVfpgaSoC-Labs/Lab1/Lab1.gen/sources_1/bd/BD/ip/BD_bootrom_wrapper_0_0/BD_bootrom_wrapper_0_0.dcp' for cell 'swervolf/BD_i/bootrom_wrapper_0'
INFO: [Project 1-454] Reading design checkpoint '/home/gost/Desktop/Repositories/RVfpgaSoC-Labs/Lab1/Lab1.gen/sources_1/bd/BD/ip/BD_gpio_wrapper_0_0/BD_gpio_wrapper_0_0.dcp' for cell 'swervolf/BD_i/gpio_wrapper_0'
INFO: [Project 1-454] Reading design checkpoint '/home/gost/Desktop/Repositories/RVfpgaSoC-Labs/Lab1/Lab1.gen/sources_1/bd/BD/ip/BD_intcon_wrapper_bd_0_0/BD_intcon_wrapper_bd_0_0.dcp' for cell 'swervolf/BD_i/intcon_wrapper_bd_0'
INFO: [Project 1-454] Reading design checkpoint '/home/gost/Desktop/Repositories/RVfpgaSoC-Labs/Lab1/Lab1.gen/sources_1/bd/BD/ip/BD_swerv_wrapper_verilog_0_0/BD_swerv_wrapper_verilog_0_0.dcp' for cell 'swervolf/BD_i/swerv_wrapper_verilog_0'
INFO: [Project 1-454] Reading design checkpoint '/home/gost/Desktop/Repositories/RVfpgaSoC-Labs/Lab1/Lab1.gen/sources_1/bd/BD/ip/BD_syscon_wrapper_0_0/BD_syscon_wrapper_0_0.dcp' for cell 'swervolf/BD_i/syscon_wrapper_0'
Netlist sorting complete. Time (s): cpu = 00:00:00.54 ; elapsed = 00:00:00.54 . Memory (MB): peak = 1904.559 ; gain = 0.000 ; free physical = 22266 ; free virtual = 34687
INFO: [Netlist 29-17] Analyzing 1466 Unisim elements for replacement
INFO: [Netlist 29-28] Unisim Transformation completed in 0 CPU seconds
INFO: [Project 1-479] Netlist was created with Vivado 2025.2
INFO: [Project 1-570] Preparing netlist for logic optimization
Parsing XDC File [/home/gost/Desktop/Repositories/RVfpgaSoC-Labs/Lab1/Lab1.srcs/constrs_1/imports/src/liteDRAM.xdc]
Finished Parsing XDC File [/home/gost/Desktop/Repositories/RVfpgaSoC-Labs/Lab1/Lab1.srcs/constrs_1/imports/src/liteDRAM.xdc]
Parsing XDC File [/home/gost/Desktop/Repositories/RVfpgaSoC-Labs/Lab1/Lab1.srcs/constrs_1/imports/src/rvfpga.xdc]
Finished Parsing XDC File [/home/gost/Desktop/Repositories/RVfpgaSoC-Labs/Lab1/Lab1.srcs/constrs_1/imports/src/rvfpga.xdc]
INFO: [Opt 31-138] Pushed 0 inverter(s) to 0 load pin(s).
Netlist sorting complete. Time (s): cpu = 00:00:00.01 ; elapsed = 00:00:00.01 . Memory (MB): peak = 2143.789 ; gain = 0.000 ; free physical = 22150 ; free virtual = 34574
INFO: [Project 1-111] Unisim Transformation Summary:
  A total of 87 instances were transformed.
  IOBUF => IOBUF (IBUF, OBUFT): 16 instances
  IOBUFDS => IOBUFDS (IBUFDS, INV, OBUFTDS(x2)): 2 instances
  OBUFDS => OBUFDS_DUAL_BUF (INV, OBUFDS(x2)): 1 instance 
  RAM32M => RAM32M (RAMD32(x6), RAMS32(x2)): 49 instances
  RAM32X1D => RAM32X1D (RAMD32(x2)): 19 instances

48 Infos, 0 Warnings, 0 Critical Warnings and 0 Errors encountered.
link_design completed successfully
link_design: Time (s): cpu = 00:00:10 ; elapsed = 00:00:10 . Memory (MB): peak = 2143.824 ; gain = 520.195 ; free physical = 22149 ; free virtual = 34573
Command: opt_design
Attempting to get a license for feature 'Implementation' and/or device 'xc7a100t'
INFO: [Common 17-349] Got license for feature 'Implementation' and/or device 'xc7a100t'
Running DRC as a precondition to command opt_design

Starting DRC Task
INFO: [DRC 23-27] Running DRC with 8 threads
INFO: [Project 1-461] DRC finished with 0 Errors
INFO: [Project 1-462] Please refer to the DRC report (report_drc) for more information.

Time (s): cpu = 00:00:01 ; elapsed = 00:00:00.4 . Memory (MB): peak = 2223.102 ; gain = 79.277 ; free physical = 22108 ; free virtual = 34533

Starting Cache Timing Information Task
INFO: [Timing 38-35] Done setting XDC timing constraints.
INFO: [Timing 38-2] Deriving generated clocks
Ending Cache Timing Information Task | Checksum: 29562f34e

Time (s): cpu = 00:00:05 ; elapsed = 00:00:04 . Memory (MB): peak = 2709.930 ; gain = 486.828 ; free physical = 21648 ; free virtual = 34073

Starting Logic Optimization Task

Phase 1 Initialization

Phase 1.1 Core Generation And Design Setup
Phase 1.1 Core Generation And Design Setup | Checksum: 29562f34e

Time (s): cpu = 00:00:00.05 ; elapsed = 00:00:00.05 . Memory (MB): peak = 3089.617 ; gain = 0.000 ; free physical = 21267 ; free virtual = 33692

Phase 1.2 Setup Constraints And Sort Netlist
Phase 1.2 Setup Constraints And Sort Netlist | Checksum: 29562f34e

Time (s): cpu = 00:00:00.07 ; elapsed = 00:00:00.07 . Memory (MB): peak = 3089.617 ; gain = 0.000 ; free physical = 21267 ; free virtual = 33692
Phase 1 Initialization | Checksum: 29562f34e

Time (s): cpu = 00:00:00.07 ; elapsed = 00:00:00.07 . Memory (MB): peak = 3089.617 ; gain = 0.000 ; free physical = 21267 ; free virtual = 33692

Phase 2 Timer Update And Timing Data Collection

Phase 2.1 Detect if minReqCache needed
Phase 2.1 Detect if minReqCache needed | Checksum: 29562f34e

Time (s): cpu = 00:00:00.1 ; elapsed = 00:00:00.11 . Memory (MB): peak = 3105.617 ; gain = 16.000 ; free physical = 21236 ; free virtual = 33661

Phase 2.2 Timer Update
Phase 2.2 Timer Update | Checksum: 29562f34e

Time (s): cpu = 00:00:02 ; elapsed = 00:00:00.47 . Memory (MB): peak = 3105.617 ; gain = 16.000 ; free physical = 21236 ; free virtual = 33661

Phase 2.3 Timing Data Collection
Phase 2.3 Timing Data Collection | Checksum: 29562f34e

Time (s): cpu = 00:00:02 ; elapsed = 00:00:00.49 . Memory (MB): peak = 3105.617 ; gain = 16.000 ; free physical = 21236 ; free virtual = 33661
Phase 2 Timer Update And Timing Data Collection | Checksum: 29562f34e

Time (s): cpu = 00:00:02 ; elapsed = 00:00:00.49 . Memory (MB): peak = 3105.617 ; gain = 16.000 ; free physical = 21236 ; free virtual = 33661

Phase 3 Retarget
INFO: [Opt 31-1851] Number of loadless carry chains removed were: 0
INFO: [Opt 31-1834] Total Chains To Be Transformed Were: 0 AND Number of Transformed insts Created are: 0
INFO: [Opt 31-1566] Pulled 68 inverters resulting in an inversion of 790 pins
INFO: [Opt 31-138] Pushed 1 inverter(s) to 2 load pin(s).
INFO: [Opt 31-49] Retargeted 0 cell(s).
Phase 3 Retarget | Checksum: 2c9b15af2

Time (s): cpu = 00:00:02 ; elapsed = 00:00:00.97 . Memory (MB): peak = 3105.617 ; gain = 16.000 ; free physical = 21236 ; free virtual = 33661
Retarget | Checksum: 2c9b15af2
INFO: [Opt 31-389] Phase Retarget created 248 cells and removed 382 cells

Phase 4 Constant propagation
INFO: [Opt 31-138] Pushed 7 inverter(s) to 28 load pin(s).
Phase 4 Constant propagation | Checksum: 291e7ddbd

Time (s): cpu = 00:00:03 ; elapsed = 00:00:01 . Memory (MB): peak = 3105.617 ; gain = 16.000 ; free physical = 21236 ; free virtual = 33661
Constant propagation | Checksum: 291e7ddbd
INFO: [Opt 31-389] Phase Constant propagation created 186 cells and removed 1002 cells

Phase 5 Sweep
INFO: [Constraints 18-11670] Building netlist checker database with flags, 0x8
Done building netlist checker database: Time (s): cpu = 00:00:00.01 ; elapsed = 00:00:00.01 . Memory (MB): peak = 3105.617 ; gain = 0.000 ; free physical = 21236 ; free virtual = 33661
INFO: [Constraints 18-11670] Building netlist checker database with flags, 0x8
Done building netlist checker database: Time (s): cpu = 00:00:00.01 ; elapsed = 00:00:00.01 . Memory (MB): peak = 3105.617 ; gain = 0.000 ; free physical = 21236 ; free virtual = 33661
Phase 5 Sweep | Checksum: 2842e2929

Time (s): cpu = 00:00:03 ; elapsed = 00:00:02 . Memory (MB): peak = 3105.617 ; gain = 16.000 ; free physical = 21236 ; free virtual = 33661
Sweep | Checksum: 2842e2929
INFO: [Opt 31-389] Phase Sweep created 0 cells and removed 384 cells
INFO: [Opt 31-1021] In phase Sweep, 24 netlist objects are constrained preventing optimization. Please run opt_design with -debug_log to get more detail. 

Phase 6 BUFG optimization
Phase 6 BUFG optimization | Checksum: 2842e2929

Time (s): cpu = 00:00:03 ; elapsed = 00:00:02 . Memory (MB): peak = 3137.633 ; gain = 48.016 ; free physical = 21236 ; free virtual = 33661
BUFG optimization | Checksum: 2842e2929
INFO: [Opt 31-662] Phase BUFG optimization created 0 cells of which 0 are BUFGs and removed 0 cells.

Phase 7 Shift Register Optimization
INFO: [Opt 31-1064] SRL Remap converted 0 SRLs to 0 registers and converted 0 registers of register chains to 0 SRLs
Phase 7 Shift Register Optimization | Checksum: 2842e2929

Time (s): cpu = 00:00:04 ; elapsed = 00:00:02 . Memory (MB): peak = 3137.633 ; gain = 48.016 ; free physical = 21236 ; free virtual = 33661
Shift Register Optimization | Checksum: 2842e2929
INFO: [Opt 31-389] Phase Shift Register Optimization created 0 cells and removed 0 cells

Phase 8 Post Processing Netlist
INFO: [Opt 31-1566] Pulled 2 inverters resulting in an inversion of 28 pins
Phase 8 Post Processing Netlist | Checksum: 270d5268c

Time (s): cpu = 00:00:04 ; elapsed = 00:00:02 . Memory (MB): peak = 3137.633 ; gain = 48.016 ; free physical = 21236 ; free virtual = 33661
Post Processing Netlist | Checksum: 270d5268c
INFO: [Opt 31-389] Phase Post Processing Netlist created 0 cells and removed 4 cells

Phase 9 Finalization

Phase 9.1 Finalizing Design Cores and Updating Shapes
Phase 9.1 Finalizing Design Cores and Updating Shapes | Checksum: 303ec44c0

Time (s): cpu = 00:00:04 ; elapsed = 00:00:02 . Memory (MB): peak = 3137.633 ; gain = 48.016 ; free physical = 21236 ; free virtual = 33661

Phase 9.2 Verifying Netlist Connectivity

Starting Connectivity Check Task

Time (s): cpu = 00:00:00.05 ; elapsed = 00:00:00.06 . Memory (MB): peak = 3137.633 ; gain = 0.000 ; free physical = 21236 ; free virtual = 33661
Phase 9.2 Verifying Netlist Connectivity | Checksum: 303ec44c0

Time (s): cpu = 00:00:04 ; elapsed = 00:00:02 . Memory (MB): peak = 3137.633 ; gain = 48.016 ; free physical = 21236 ; free virtual = 33661
Phase 9 Finalization | Checksum: 303ec44c0

Time (s): cpu = 00:00:04 ; elapsed = 00:00:02 . Memory (MB): peak = 3137.633 ; gain = 48.016 ; free physical = 21236 ; free virtual = 33661
Opt_design Change Summary
=========================


-------------------------------------------------------------------------------------------------------------------------
|  Phase                        |  #Cells created  |  #Cells Removed  |  #Constrained objects preventing optimizations  |
-------------------------------------------------------------------------------------------------------------------------
|  Retarget                     |             248  |             382  |                                              0  |
|  Constant propagation         |             186  |            1002  |                                              0  |
|  Sweep                        |               0  |             384  |                                             24  |
|  BUFG optimization            |               0  |               0  |                                              0  |
|  Shift Register Optimization  |               0  |               0  |                                              0  |
|  Post Processing Netlist      |               0  |               4  |                                              0  |
-------------------------------------------------------------------------------------------------------------------------


Ending Logic Optimization Task | Checksum: 303ec44c0

Time (s): cpu = 00:00:04 ; elapsed = 00:00:02 . Memory (MB): peak = 3137.633 ; gain = 48.016 ; free physical = 21236 ; free virtual = 33661

Starting Power Optimization Task
INFO: [Pwropt 34-132] Skipping clock gating for clocks with a period < 2.00 ns.
INFO: [Power 33-23] Power model is not available for STARTUPE2
INFO: [Timing 38-35] Done setting XDC timing constraints.
Running Vector-less Activity Propagation...
INFO: [Pwropt 34-9] Applying IDT optimizations ...
INFO: [Pwropt 34-10] Applying ODC optimizations ...

Finished Running Vector-less Activity Propagation


Starting PowerOpt Patch Enables Task
INFO: [Pwropt 34-162] WRITE_MODE attribute of 0 BRAM(s) out of a total of 59 has been updated to save power. Run report_power_opt to get a complete listing of the BRAMs updated.
INFO: [Pwropt 34-201] Structural ODC has moved 1 WE to EN ports
Number of BRAM Ports augmented: 0 newly gated: 1 Total Ports: 118
Ending PowerOpt Patch Enables Task | Checksum: 263cdaa6f

Time (s): cpu = 00:00:00.14 ; elapsed = 00:00:00.14 . Memory (MB): peak = 3312.484 ; gain = 0.000 ; free physical = 21127 ; free virtual = 33556
Ending Power Optimization Task | Checksum: 263cdaa6f

Time (s): cpu = 00:00:21 ; elapsed = 00:00:09 . Memory (MB): peak = 3312.484 ; gain = 174.852 ; free physical = 21127 ; free virtual = 33557

Starting Final Cleanup Task
Ending Final Cleanup Task | Checksum: 263cdaa6f

Time (s): cpu = 00:00:00 ; elapsed = 00:00:00 . Memory (MB): peak = 3312.484 ; gain = 0.000 ; free physical = 21127 ; free virtual = 33557
Netlist sorting complete. Time (s): cpu = 00:00:00 ; elapsed = 00:00:00.01 . Memory (MB): peak = 3312.484 ; gain = 0.000 ; free physical = 21127 ; free virtual = 33557
INFO: [Common 17-83] Releasing license: Implementation
79 Infos, 0 Warnings, 0 Critical Warnings and 0 Errors encountered.
opt_design completed successfully
opt_design: Time (s): cpu = 00:00:33 ; elapsed = 00:00:17 . Memory (MB): peak = 3312.484 ; gain = 1168.660 ; free physical = 21127 ; free virtual = 33557
INFO: [Vivado 12-24828] Executing command : report_drc -file rvfpga_drc_opted.rpt -pb rvfpga_drc_opted.pb -rpx rvfpga_drc_opted.rpx
Command: report_drc -file rvfpga_drc_opted.rpt -pb rvfpga_drc_opted.pb -rpx rvfpga_drc_opted.rpx
INFO: [IP_Flow 19-1839] IP Catalog is up to date.
INFO: [DRC 23-27] Running DRC with 8 threads
INFO: [Vivado_Tcl 2-168] The results of DRC are in file /home/gost/Desktop/Repositories/RVfpgaSoC-Labs/Lab1/Lab1.runs/impl_1/rvfpga_drc_opted.rpt.
report_drc completed successfully
INFO: [Timing 38-480] Writing timing data to binary archive.
Wrote PlaceDB: Time (s): cpu = 00:00:00 ; elapsed = 00:00:00 . Memory (MB): peak = 3312.484 ; gain = 0.000 ; free physical = 21142 ; free virtual = 33572
Wrote PulsedLatchDB: Time (s): cpu = 00:00:00 ; elapsed = 00:00:00 . Memory (MB): peak = 3312.484 ; gain = 0.000 ; free physical = 21142 ; free virtual = 33572
Writing XDEF routing.
Writing XDEF routing logical nets.
Write ShapeDB Complete: Time (s): cpu = 00:00:00.15 ; elapsed = 00:00:00.03 . Memory (MB): peak = 3312.484 ; gain = 0.000 ; free physical = 21134 ; free virtual = 33567
Writing XDEF routing special nets.
Wrote RouteStorage: Time (s): cpu = 00:00:00.24 ; elapsed = 00:00:00.06 . Memory (MB): peak = 3312.484 ; gain = 0.000 ; free physical = 21134 ; free virtual = 33567
Wrote PlaceStorage: Time (s): cpu = 00:00:00.02 ; elapsed = 00:00:00 . Memory (MB): peak = 3312.484 ; gain = 0.000 ; free physical = 21134 ; free virtual = 33567
Wrote Netlist Cache: Time (s): cpu = 00:00:00 ; elapsed = 00:00:00 . Memory (MB): peak = 3312.484 ; gain = 0.000 ; free physical = 21134 ; free virtual = 33567
Wrote Device Cache: Time (s): cpu = 00:00:00.01 ; elapsed = 00:00:00 . Memory (MB): peak = 3312.484 ; gain = 0.000 ; free physical = 21134 ; free virtual = 33567
Write Physdb Complete: Time (s): cpu = 00:00:00.27 ; elapsed = 00:00:00.06 . Memory (MB): peak = 3312.484 ; gain = 0.000 ; free physical = 21134 ; free virtual = 33567
INFO: [Common 17-1381] The checkpoint '/home/gost/Desktop/Repositories/RVfpgaSoC-Labs/Lab1/Lab1.runs/impl_1/rvfpga_opt.dcp' has been generated.
Command: place_design
Attempting to get a license for feature 'Implementation' and/or device 'xc7a100t'
INFO: [Common 17-349] Got license for feature 'Implementation' and/or device 'xc7a100t'
INFO: [Common 17-83] Releasing license: Implementation
INFO: [DRC 23-27] Running DRC with 8 threads
INFO: [Vivado_Tcl 4-198] DRC finished with 0 Errors
INFO: [Vivado_Tcl 4-199] Please refer to the DRC report (report_drc) for more information.
INFO: [Timing 38-35] Done setting XDC timing constraints.
Running DRC as a precondition to command place_design
INFO: [DRC 23-27] Running DRC with 8 threads
INFO: [Vivado_Tcl 4-198] DRC finished with 0 Errors, 43 Warnings
INFO: [Vivado_Tcl 4-199] Please refer to the DRC report (report_drc) for more information.
INFO: [Place 30-611] Multithreading enabled for place_design using a maximum of 8 CPUs

Starting Placer Task

Phase 1 Placer Initialization

Phase 1.1 Placer Initialization Netlist Sorting
Netlist sorting complete. Time (s): cpu = 00:00:00 ; elapsed = 00:00:00.01 . Memory (MB): peak = 3599.676 ; gain = 0.000 ; free physical = 21095 ; free virtual = 33538
Phase 1.1 Placer Initialization Netlist Sorting | Checksum: 248919efa

Time (s): cpu = 00:00:00.02 ; elapsed = 00:00:00.01 . Memory (MB): peak = 3599.676 ; gain = 0.000 ; free physical = 21095 ; free virtual = 33538
Netlist sorting complete. Time (s): cpu = 00:00:00.01 ; elapsed = 00:00:00 . Memory (MB): peak = 3599.676 ; gain = 0.000 ; free physical = 21095 ; free virtual = 33539

Phase 1.2 IO Placement/ Clock Placement/ Build Placer Device
Phase 1.2 IO Placement/ Clock Placement/ Build Placer Device | Checksum: 2845143ad

Time (s): cpu = 00:00:03 ; elapsed = 00:00:01 . Memory (MB): peak = 3599.676 ; gain = 0.000 ; free physical = 21094 ; free virtual = 33542

Phase 1.3 Build Placer Netlist Model
Phase 1.3 Build Placer Netlist Model | Checksum: 2860ac017

Time (s): cpu = 00:00:15 ; elapsed = 00:00:05 . Memory (MB): peak = 3599.676 ; gain = 0.000 ; free physical = 21103 ; free virtual = 33551

Phase 1.4 Constrain Clocks/Macros
Phase 1.4 Constrain Clocks/Macros | Checksum: 2860ac017

Time (s): cpu = 00:00:16 ; elapsed = 00:00:06 . Memory (MB): peak = 3599.676 ; gain = 0.000 ; free physical = 21103 ; free virtual = 33552
Phase 1 Placer Initialization | Checksum: 2860ac017

Time (s): cpu = 00:00:16 ; elapsed = 00:00:06 . Memory (MB): peak = 3599.676 ; gain = 0.000 ; free physical = 21103 ; free virtual = 33552

Phase 2 Global Placement

Phase 2.1 Floorplanning
Phase 2.1 Floorplanning | Checksum: 3000ed6f1

Time (s): cpu = 00:00:23 ; elapsed = 00:00:07 . Memory (MB): peak = 3599.676 ; gain = 0.000 ; free physical = 21107 ; free virtual = 33556

Phase 2.2 Update Timing before SLR Path Opt
Phase 2.2 Update Timing before SLR Path Opt | Checksum: 2adcb284c

Time (s): cpu = 00:00:30 ; elapsed = 00:00:08 . Memory (MB): peak = 3599.676 ; gain = 0.000 ; free physical = 21099 ; free virtual = 33551

Phase 2.3 Post-Processing in Floorplanning
Phase 2.3 Post-Processing in Floorplanning | Checksum: 2adcb284c

Time (s): cpu = 00:00:30 ; elapsed = 00:00:09 . Memory (MB): peak = 3599.676 ; gain = 0.000 ; free physical = 21099 ; free virtual = 33551

Phase 2.4 Global Place Phase1
Phase 2.4 Global Place Phase1 | Checksum: 1e5790dfe

Time (s): cpu = 00:01:19 ; elapsed = 00:00:23 . Memory (MB): peak = 3599.676 ; gain = 0.000 ; free physical = 21098 ; free virtual = 33552

Phase 2.5 Global Place Phase2

Phase 2.5.1 UpdateTiming Before Physical Synthesis
Phase 2.5.1 UpdateTiming Before Physical Synthesis | Checksum: 1cb0ad863

Time (s): cpu = 00:01:27 ; elapsed = 00:00:24 . Memory (MB): peak = 3599.676 ; gain = 0.000 ; free physical = 21098 ; free virtual = 33552

Phase 2.5.2 Physical Synthesis In Placer
INFO: [Physopt 32-1035] Found 15 LUTNM shape to break, 1584 LUT instances to create LUTNM shape
INFO: [Physopt 32-1044] Break lutnm for timing: one critical 15, two critical 0, total 15, new lutff created 0
INFO: [Physopt 32-1138] End 1 Pass. Optimized 612 nets or LUTs. Breaked 15 LUTs, combined 597 existing LUTs and moved 0 existing LUT
INFO: [Physopt 32-65] No nets found for high-fanout optimization.
INFO: [Physopt 32-232] Optimized 0 net. Created 0 new instance.
INFO: [Physopt 32-775] End 1 Pass. Optimized 0 net or cell. Created 0 new cell, deleted 0 existing cell and moved 0 existing cell
INFO: [Physopt 32-456] No candidate cells for DSP register optimization found in the design.
INFO: [Physopt 32-775] End 2 Pass. Optimized 0 net or cell. Created 0 new cell, deleted 0 existing cell and moved 0 existing cell
INFO: [Physopt 32-1123] No candidate cells found for Shift Register to Pipeline optimization
INFO: [Physopt 32-775] End 2 Pass. Optimized 0 net or cell. Created 0 new cell, deleted 0 existing cell and moved 0 existing cell
INFO: [Physopt 32-1402] Pass 1: Identified 1 candidate cell for Shift Register optimization.
INFO: [Physopt 32-775] End 1 Pass. Optimized 0 net or cell. Created 0 new cell, deleted 0 existing cell and moved 0 existing cell
Netlist sorting complete. Time (s): cpu = 00:00:00.01 ; elapsed = 00:00:00.01 . Memory (MB): peak = 3599.676 ; gain = 0.000 ; free physical = 21097 ; free virtual = 33547
INFO: [Physopt 32-526] No candidate cells for BRAM register optimization found in the design
INFO: [Physopt 32-775] End 1 Pass. Optimized 0 net or cell. Created 0 new cell, deleted 0 existing cell and moved 0 existing cell
INFO: [Physopt 32-846] No candidate cells for URAM register optimization found in the design
INFO: [Physopt 32-775] End 1 Pass. Optimized 0 net or cell. Created 0 new cell, deleted 0 existing cell and moved 0 existing cell
INFO: [Physopt 32-846] No candidate cells for URAM register optimization found in the design
INFO: [Physopt 32-775] End 1 Pass. Optimized 0 net or cell. Created 0 new cell, deleted 0 existing cell and moved 0 existing cell
INFO: [Physopt 32-949] No candidate nets found for dynamic/static region interface net replication
INFO: [Physopt 32-775] End 1 Pass. Optimized 0 net or cell. Created 0 new cell, deleted 0 existing cell and moved 0 existing cell
Netlist sorting complete. Time (s): cpu = 00:00:00 ; elapsed = 00:00:00.01 . Memory (MB): peak = 3599.676 ; gain = 0.000 ; free physical = 21097 ; free virtual = 33547

Summary of Physical Synthesis Optimizations
============================================


-----------------------------------------------------------------------------------------------------------------------------------------------------------
|  Optimization                                     |  Added Cells  |  Removed Cells  |  Optimized Cells/Nets  |  Dont Touch  |  Iterations  |  Elapsed   |
-----------------------------------------------------------------------------------------------------------------------------------------------------------
|  LUT Combining                                    |           15  |            597  |                   612  |           0  |           1  |  00:00:01  |
|  Retime                                           |            0  |              0  |                     0  |           0  |           1  |  00:00:00  |
|  Very High Fanout                                 |            0  |              0  |                     0  |           0  |           1  |  00:00:00  |
|  DSP Register                                     |            0  |              0  |                     0  |           0  |           1  |  00:00:00  |
|  Shift Register to Pipeline                       |            0  |              0  |                     0  |           0  |           1  |  00:00:00  |
|  Shift Register                                   |            0  |              0  |                     0  |           0  |           1  |  00:00:00  |
|  BRAM Register                                    |            0  |              0  |                     0  |           0  |           1  |  00:00:00  |
|  URAM Register                                    |            0  |              0  |                     0  |           0  |           1  |  00:00:00  |
|  Dynamic/Static Region Interface Net Replication  |            0  |              0  |                     0  |           0  |           1  |  00:00:00  |
|  Total                                            |           15  |            597  |                   612  |           0  |           9  |  00:00:01  |
-----------------------------------------------------------------------------------------------------------------------------------------------------------


Phase 2.5.2 Physical Synthesis In Placer | Checksum: 2936aa651

Time (s): cpu = 00:01:35 ; elapsed = 00:00:27 . Memory (MB): peak = 3599.676 ; gain = 0.000 ; free physical = 21096 ; free virtual = 33546
Phase 2.5 Global Place Phase2 | Checksum: 348c51377

Time (s): cpu = 00:01:38 ; elapsed = 00:00:28 . Memory (MB): peak = 3599.676 ; gain = 0.000 ; free physical = 21096 ; free virtual = 33546
Phase 2 Global Placement | Checksum: 348c51377

Time (s): cpu = 00:01:38 ; elapsed = 00:00:28 . Memory (MB): peak = 3599.676 ; gain = 0.000 ; free physical = 21096 ; free virtual = 33546

Phase 3 Detail Placement

Phase 3.1 Commit Multi Column Macros
Phase 3.1 Commit Multi Column Macros | Checksum: 2948505aa

Time (s): cpu = 00:01:46 ; elapsed = 00:00:29 . Memory (MB): peak = 3599.676 ; gain = 0.000 ; free physical = 21096 ; free virtual = 33546

Phase 3.2 Commit Most Macros & LUTRAMs
Phase 3.2 Commit Most Macros & LUTRAMs | Checksum: 2acfa83f2

Time (s): cpu = 00:01:59 ; elapsed = 00:00:32 . Memory (MB): peak = 3599.676 ; gain = 0.000 ; free physical = 21102 ; free virtual = 33553

Phase 3.3 Area Swap Optimization
Phase 3.3 Area Swap Optimization | Checksum: 28a3c7f1b

Time (s): cpu = 00:01:59 ; elapsed = 00:00:32 . Memory (MB): peak = 3599.676 ; gain = 0.000 ; free physical = 21101 ; free virtual = 33552

Phase 3.4 Pipeline Register Optimization
Phase 3.4 Pipeline Register Optimization | Checksum: 2d56ed0bb

Time (s): cpu = 00:02:00 ; elapsed = 00:00:32 . Memory (MB): peak = 3599.676 ; gain = 0.000 ; free physical = 21101 ; free virtual = 33552

Phase 3.5 Fast Optimization
Phase 3.5 Fast Optimization | Checksum: 28bddafca

Time (s): cpu = 00:02:14 ; elapsed = 00:00:35 . Memory (MB): peak = 3599.676 ; gain = 0.000 ; free physical = 21110 ; free virtual = 33560

Phase 3.6 Small Shape Detail Placement
Phase 3.6 Small Shape Detail Placement | Checksum: 35cd9621a

Time (s): cpu = 00:02:28 ; elapsed = 00:00:47 . Memory (MB): peak = 3599.676 ; gain = 0.000 ; free physical = 21100 ; free virtual = 33554

Phase 3.7 Re-assign LUT pins
Phase 3.7 Re-assign LUT pins | Checksum: 31fcfeb15

Time (s): cpu = 00:02:30 ; elapsed = 00:00:49 . Memory (MB): peak = 3599.676 ; gain = 0.000 ; free physical = 21100 ; free virtual = 33555

Phase 3.8 Pipeline Register Optimization
Phase 3.8 Pipeline Register Optimization | Checksum: 2456b5444

Time (s): cpu = 00:02:30 ; elapsed = 00:00:49 . Memory (MB): peak = 3599.676 ; gain = 0.000 ; free physical = 21100 ; free virtual = 33554
Phase 3 Detail Placement | Checksum: 2456b5444

Time (s): cpu = 00:02:30 ; elapsed = 00:00:49 . Memory (MB): peak = 3599.676 ; gain = 0.000 ; free physical = 21100 ; free virtual = 33554

Phase 4 Post Placement Optimization and Clean-Up

Phase 4.1 Post Commit Optimization
INFO: [Timing 38-35] Done setting XDC timing constraints.

Phase 4.1.1 Post Placement Optimization
Post Placement Optimization Initialization | Checksum: 1f951e83d

Phase 4.1.1.1 BUFG Insertion

Starting Physical Synthesis Task

Phase 1 Physical Synthesis Initialization
INFO: [Physopt 32-721] Multithreading enabled for phys_opt_design using a maximum of 8 CPUs
INFO: [Physopt 32-619] Estimated Timing Summary | WNS=-0.505 | TNS=-4.631 |
Phase 1 Physical Synthesis Initialization | Checksum: 21183b704

Time (s): cpu = 00:00:01 ; elapsed = 00:00:00.29 . Memory (MB): peak = 3599.676 ; gain = 0.000 ; free physical = 21100 ; free virtual = 33555
INFO: [Place 46-33] Processed net swervolf/BD_i/swerv_wrapper_verilog_0/inst/swerv_eh1_2/swerv/dbg/dmcontrolff/dffs/rst_0, BUFG insertion was skipped due to placement/routing conflicts.
INFO: [Place 46-33] Processed net swervolf/BD_i/swerv_wrapper_verilog_0/inst/swerv_eh1_2/swerv/dbg/dmcontrolff/dffs/dout_reg[0]_1, BUFG insertion was skipped due to placement/routing conflicts.
INFO: [Place 46-33] Processed net clk_gen/AR[0], BUFG insertion was skipped due to placement/routing conflicts.
INFO: [Place 46-33] Processed net ddr2/ldc/FDPE_3_0, BUFG insertion was skipped due to placement/routing conflicts.
INFO: [Place 46-56] BUFG insertion identified 4 candidate nets. Inserted BUFG: 0, Replicated BUFG Driver: 0, Skipped due to Placement/Routing Conflicts: 4, Skipped due to Timing Degradation: 0, Skipped due to netlist editing failed: 0.
Ending Physical Synthesis Task | Checksum: 22ab8c9e0

Time (s): cpu = 00:00:03 ; elapsed = 00:00:01 . Memory (MB): peak = 3599.676 ; gain = 0.000 ; free physical = 21102 ; free virtual = 33557
Phase 4.1.1.1 BUFG Insertion | Checksum: 1f951e83d

Time (s): cpu = 00:02:51 ; elapsed = 00:00:54 . Memory (MB): peak = 3599.676 ; gain = 0.000 ; free physical = 21102 ; free virtual = 33557

Phase 4.1.1.2 Post Placement Timing Optimization
INFO: [Place 30-746] Post Placement Timing Summary WNS=0.501. For the most accurate timing information please run report_timing.
Phase 4.1.1.2 Post Placement Timing Optimization | Checksum: 2294f785e

Time (s): cpu = 00:02:55 ; elapsed = 00:00:57 . Memory (MB): peak = 3599.676 ; gain = 0.000 ; free physical = 21108 ; free virtual = 33563

Time (s): cpu = 00:02:55 ; elapsed = 00:00:57 . Memory (MB): peak = 3599.676 ; gain = 0.000 ; free physical = 21108 ; free virtual = 33563
Phase 4.1 Post Commit Optimization | Checksum: 2294f785e

Time (s): cpu = 00:02:56 ; elapsed = 00:00:57 . Memory (MB): peak = 3599.676 ; gain = 0.000 ; free physical = 21108 ; free virtual = 33563

Phase 4.2 Post Placement Cleanup
Phase 4.2 Post Placement Cleanup | Checksum: 2294f785e

Time (s): cpu = 00:02:56 ; elapsed = 00:00:57 . Memory (MB): peak = 3599.676 ; gain = 0.000 ; free physical = 21108 ; free virtual = 33563

Phase 4.3 Placer Reporting

Phase 4.3.1 Print Estimated Congestion
INFO: [Place 30-612] Post-Placement Estimated Congestion 
 ____________________________________________________
|           | Global Congestion | Short Congestion  |
| Direction | Region Size       | Region Size       |
|___________|___________________|___________________|
|      North|                4x4|                4x4|
|___________|___________________|___________________|
|      South|                4x4|                4x4|
|___________|___________________|___________________|
|       East|                1x1|                4x4|
|___________|___________________|___________________|
|       West|                2x2|                4x4|
|___________|___________________|___________________|

Phase 4.3.1 Print Estimated Congestion | Checksum: 2294f785e

Time (s): cpu = 00:02:56 ; elapsed = 00:00:57 . Memory (MB): peak = 3599.676 ; gain = 0.000 ; free physical = 21108 ; free virtual = 33563
Phase 4.3 Placer Reporting | Checksum: 2294f785e

Time (s): cpu = 00:02:57 ; elapsed = 00:00:57 . Memory (MB): peak = 3599.676 ; gain = 0.000 ; free physical = 21108 ; free virtual = 33563

Phase 4.4 Final Placement Cleanup
Netlist sorting complete. Time (s): cpu = 00:00:00.02 ; elapsed = 00:00:00.02 . Memory (MB): peak = 3599.676 ; gain = 0.000 ; free physical = 21108 ; free virtual = 33563

Time (s): cpu = 00:02:57 ; elapsed = 00:00:57 . Memory (MB): peak = 3599.676 ; gain = 0.000 ; free physical = 21108 ; free virtual = 33563
Phase 4 Post Placement Optimization and Clean-Up | Checksum: 27d523e08

Time (s): cpu = 00:02:57 ; elapsed = 00:00:57 . Memory (MB): peak = 3599.676 ; gain = 0.000 ; free physical = 21108 ; free virtual = 33563
Ending Placer Task | Checksum: 1c64e3fa8

Time (s): cpu = 00:02:57 ; elapsed = 00:00:57 . Memory (MB): peak = 3599.676 ; gain = 0.000 ; free physical = 21108 ; free virtual = 33563
125 Infos, 0 Warnings, 0 Critical Warnings and 0 Errors encountered.
place_design completed successfully
place_design: Time (s): cpu = 00:03:03 ; elapsed = 00:01:00 . Memory (MB): peak = 3599.676 ; gain = 287.191 ; free physical = 21108 ; free virtual = 33563
INFO: [Vivado 12-24838] Running report commands "report_control_sets, report_io, report_utilization" in parallel.
Running report generation with 3 threads.
INFO: [Vivado 12-24828] Executing command : report_io -file rvfpga_io_placed.rpt
report_io: Time (s): cpu = 00:00:00.23 ; elapsed = 00:00:00.11 . Memory (MB): peak = 3599.676 ; gain = 0.000 ; free physical = 21097 ; free virtual = 33552
INFO: [Vivado 12-24828] Executing command : report_control_sets -verbose -file rvfpga_control_sets_placed.rpt
report_control_sets: Time (s): cpu = 00:00:00.25 ; elapsed = 00:00:00.13 . Memory (MB): peak = 3599.676 ; gain = 0.000 ; free physical = 21104 ; free virtual = 33559
INFO: [Vivado 12-24828] Executing command : report_utilization -file rvfpga_utilization_placed.rpt -pb rvfpga_utilization_placed.pb
INFO: [Timing 38-480] Writing timing data to binary archive.
Wrote PlaceDB: Time (s): cpu = 00:00:00 ; elapsed = 00:00:00 . Memory (MB): peak = 3599.676 ; gain = 0.000 ; free physical = 21118 ; free virtual = 33573
Wrote PulsedLatchDB: Time (s): cpu = 00:00:00 ; elapsed = 00:00:00 . Memory (MB): peak = 3599.676 ; gain = 0.000 ; free physical = 21118 ; free virtual = 33573
Writing XDEF routing.
Writing XDEF routing logical nets.
Writing XDEF routing special nets.
Wrote RouteStorage: Time (s): cpu = 00:00:00.26 ; elapsed = 00:00:00.06 . Memory (MB): peak = 3599.676 ; gain = 0.000 ; free physical = 21114 ; free virtual = 33572
Write ShapeDB Complete: Time (s): cpu = 00:00:00.3 ; elapsed = 00:00:00.06 . Memory (MB): peak = 3599.676 ; gain = 0.000 ; free physical = 21110 ; free virtual = 33569
Wrote PlaceStorage: Time (s): cpu = 00:00:04 ; elapsed = 00:00:01 . Memory (MB): peak = 3599.676 ; gain = 0.000 ; free physical = 21042 ; free virtual = 33546
Wrote Netlist Cache: Time (s): cpu = 00:00:00.1 ; elapsed = 00:00:00.04 . Memory (MB): peak = 3599.676 ; gain = 0.000 ; free physical = 21042 ; free virtual = 33551
Wrote Device Cache: Time (s): cpu = 00:00:00.01 ; elapsed = 00:00:00 . Memory (MB): peak = 3599.676 ; gain = 0.000 ; free physical = 21034 ; free virtual = 33543
Write Physdb Complete: Time (s): cpu = 00:00:04 ; elapsed = 00:00:01 . Memory (MB): peak = 3599.676 ; gain = 0.000 ; free physical = 21034 ; free virtual = 33543
INFO: [Common 17-1381] The checkpoint '/home/gost/Desktop/Repositories/RVfpgaSoC-Labs/Lab1/Lab1.runs/impl_1/rvfpga_placed.dcp' has been generated.
Command: phys_opt_design
Attempting to get a license for feature 'Implementation' and/or device 'xc7a100t'
INFO: [Common 17-349] Got license for feature 'Implementation' and/or device 'xc7a100t'

Starting Initial Update Timing Task

Time (s): cpu = 00:00:16 ; elapsed = 00:00:03 . Memory (MB): peak = 3599.676 ; gain = 0.000 ; free physical = 21073 ; free virtual = 33549
INFO: [Vivado_Tcl 4-2279] Estimated Timing Summary | WNS= 0.501 | TNS= 0.000 | 
INFO: [Vivado_Tcl 4-383] Design worst setup slack (WNS) is greater than or equal to 0.000 ns. All physical synthesis setup optimizations will be skipped.
INFO: [Vivado_Tcl 4-232] No setup violation found. The netlist was not modified.
INFO: [Common 17-83] Releasing license: Implementation
136 Infos, 0 Warnings, 0 Critical Warnings and 0 Errors encountered.
phys_opt_design completed successfully
INFO: [Timing 38-480] Writing timing data to binary archive.
Wrote PlaceDB: Time (s): cpu = 00:00:00 ; elapsed = 00:00:00 . Memory (MB): peak = 3599.676 ; gain = 0.000 ; free physical = 21073 ; free virtual = 33549
Wrote PulsedLatchDB: Time (s): cpu = 00:00:00 ; elapsed = 00:00:00 . Memory (MB): peak = 3599.676 ; gain = 0.000 ; free physical = 21073 ; free virtual = 33549
Writing XDEF routing.
Writing XDEF routing logical nets.
Write ShapeDB Complete: Time (s): cpu = 00:00:00.26 ; elapsed = 00:00:00.05 . Memory (MB): peak = 3599.676 ; gain = 0.000 ; free physical = 21069 ; free virtual = 33550
Writing XDEF routing special nets.
Wrote RouteStorage: Time (s): cpu = 00:00:00.28 ; elapsed = 00:00:00.05 . Memory (MB): peak = 3599.676 ; gain = 0.000 ; free physical = 21069 ; free virtual = 33550
Wrote PlaceStorage: Time (s): cpu = 00:00:04 ; elapsed = 00:00:01 . Memory (MB): peak = 3599.676 ; gain = 0.000 ; free physical = 21010 ; free virtual = 33535
Wrote Netlist Cache: Time (s): cpu = 00:00:00.09 ; elapsed = 00:00:00.03 . Memory (MB): peak = 3599.676 ; gain = 0.000 ; free physical = 21009 ; free virtual = 33538
Wrote Device Cache: Time (s): cpu = 00:00:00.01 ; elapsed = 00:00:00 . Memory (MB): peak = 3599.676 ; gain = 0.000 ; free physical = 21009 ; free virtual = 33540
Write Physdb Complete: Time (s): cpu = 00:00:04 ; elapsed = 00:00:01 . Memory (MB): peak = 3599.676 ; gain = 0.000 ; free physical = 21009 ; free virtual = 33540
INFO: [Common 17-1381] The checkpoint '/home/gost/Desktop/Repositories/RVfpgaSoC-Labs/Lab1/Lab1.runs/impl_1/rvfpga_physopt.dcp' has been generated.
Command: route_design
Attempting to get a license for feature 'Implementation' and/or device 'xc7a100t'
INFO: [Common 17-349] Got license for feature 'Implementation' and/or device 'xc7a100t'


Starting Routing Task
INFO: [Route 35-254] Multithreading enabled for route_design using a maximum of 8 CPUs

Phase 1 Build RT Design
Checksum: PlaceDB: 45036347 ConstDB: 0 ShapeSum: cf787ccb RouteDB: b1d25f96
Post Restoration Checksum: NetGraph: b8e79c08 | NumContArr: 44ad7cb5 | Constraints: c2a8fa9d | Timing: c2a8fa9d
Phase 1 Build RT Design | Checksum: 282e70df7

Time (s): cpu = 00:00:36 ; elapsed = 00:00:16 . Memory (MB): peak = 3599.676 ; gain = 0.000 ; free physical = 21030 ; free virtual = 33532

Phase 2 Router Initialization

Phase 2.1 Fix Topology Constraints
Phase 2.1 Fix Topology Constraints | Checksum: 282e70df7

Time (s): cpu = 00:00:36 ; elapsed = 00:00:16 . Memory (MB): peak = 3599.676 ; gain = 0.000 ; free physical = 21030 ; free virtual = 33532

Phase 2.2 Pre Route Cleanup
Phase 2.2 Pre Route Cleanup | Checksum: 282e70df7

Time (s): cpu = 00:00:36 ; elapsed = 00:00:16 . Memory (MB): peak = 3599.676 ; gain = 0.000 ; free physical = 21030 ; free virtual = 33532
 Number of Nodes with overlaps = 0

Phase 2.3 Update Timing
Phase 2.3 Update Timing | Checksum: 2dc9ba8ad

Time (s): cpu = 00:01:01 ; elapsed = 00:00:21 . Memory (MB): peak = 3599.676 ; gain = 0.000 ; free physical = 21022 ; free virtual = 33519
INFO: [Route 35-416] Intermediate Timing Summary | WNS=0.662  | TNS=0.000  | WHS=-3.750 | THS=-448.120|


Phase 2.4 Soft Constraint Pins - Fast Budgeting
Phase 2.4 Soft Constraint Pins - Fast Budgeting | Checksum: 2776c0684

Time (s): cpu = 00:01:07 ; elapsed = 00:00:23 . Memory (MB): peak = 3599.676 ; gain = 0.000 ; free physical = 20998 ; free virtual = 33495

Router Utilization Summary
  Global Vertical Routing Utilization    = 0.0037864 %
  Global Horizontal Routing Utilization  = 0.00127877 %
  Routable Net Status*
  *Does not include unroutable nets such as driverless and loadless.
  Run report_route_status for detailed report.
  Number of Failed Nets               = 48915
    (Failed Nets is the sum of unrouted and partially routed nets)
  Number of Unrouted Nets             = 48915
  Number of Partially Routed Nets     = 0
  Number of Node Overlaps             = 0

Phase 2 Router Initialization | Checksum: 2949904fe

Time (s): cpu = 00:01:08 ; elapsed = 00:00:23 . Memory (MB): peak = 3599.676 ; gain = 0.000 ; free physical = 20996 ; free virtual = 33493

Phase 3 Global Routing
Phase 3 Global Routing | Checksum: 2949904fe

Time (s): cpu = 00:01:08 ; elapsed = 00:00:23 . Memory (MB): peak = 3599.676 ; gain = 0.000 ; free physical = 20996 ; free virtual = 33493

Phase 4 Initial Routing

Phase 4.1 Initial Net Routing Pass
Phase 4.1 Initial Net Routing Pass | Checksum: 24c631103

Time (s): cpu = 00:01:31 ; elapsed = 00:00:29 . Memory (MB): peak = 3599.676 ; gain = 0.000 ; free physical = 20792 ; free virtual = 33356
Phase 4 Initial Routing | Checksum: 24c631103

Time (s): cpu = 00:01:32 ; elapsed = 00:00:30 . Memory (MB): peak = 3599.676 ; gain = 0.000 ; free physical = 20791 ; free virtual = 33355

Phase 5 Rip-up And Reroute

Phase 5.1 Global Iteration 0
 Number of Nodes with overlaps = 19697
 Number of Nodes with overlaps = 4647
 Number of Nodes with overlaps = 1701
 Number of Nodes with overlaps = 545
 Number of Nodes with overlaps = 235
 Number of Nodes with overlaps = 68
 Number of Nodes with overlaps = 31
 Number of Nodes with overlaps = 12
 Number of Nodes with overlaps = 4
 Number of Nodes with overlaps = 0
INFO: [Route 35-416] Intermediate Timing Summary | WNS=0.330  | TNS=0.000  | WHS=N/A    | THS=N/A    |

Phase 5.1 Global Iteration 0 | Checksum: 1d6c637f5

Time (s): cpu = 00:03:35 ; elapsed = 00:01:27 . Memory (MB): peak = 3599.676 ; gain = 0.000 ; free physical = 21097 ; free virtual = 33552

Phase 5.2 Global Iteration 1
 Number of Nodes with overlaps = 2
 Number of Nodes with overlaps = 25
 Number of Nodes with overlaps = 11
 Number of Nodes with overlaps = 8
 Number of Nodes with overlaps = 2
 Number of Nodes with overlaps = 0
INFO: [Route 35-416] Intermediate Timing Summary | WNS=0.330  | TNS=0.000  | WHS=N/A    | THS=N/A    |

Phase 5.2 Global Iteration 1 | Checksum: 24399fecc

Time (s): cpu = 00:03:41 ; elapsed = 00:01:31 . Memory (MB): peak = 3599.676 ; gain = 0.000 ; free physical = 21097 ; free virtual = 33553
Phase 5 Rip-up And Reroute | Checksum: 24399fecc

Time (s): cpu = 00:03:41 ; elapsed = 00:01:31 . Memory (MB): peak = 3599.676 ; gain = 0.000 ; free physical = 21097 ; free virtual = 33553

Phase 6 Delay and Skew Optimization

Phase 6.1 Delay CleanUp

Phase 6.1.1 Update Timing
Phase 6.1.1 Update Timing | Checksum: 2291f5d32

Time (s): cpu = 00:03:44 ; elapsed = 00:01:31 . Memory (MB): peak = 3599.676 ; gain = 0.000 ; free physical = 21097 ; free virtual = 33552
INFO: [Route 35-416] Intermediate Timing Summary | WNS=0.410  | TNS=0.000  | WHS=N/A    | THS=N/A    |

Phase 6.1 Delay CleanUp | Checksum: 2291f5d32

Time (s): cpu = 00:03:44 ; elapsed = 00:01:31 . Memory (MB): peak = 3599.676 ; gain = 0.000 ; free physical = 21097 ; free virtual = 33552

Phase 6.2 Clock Skew Optimization
Phase 6.2 Clock Skew Optimization | Checksum: 2291f5d32

Time (s): cpu = 00:03:44 ; elapsed = 00:01:31 . Memory (MB): peak = 3599.676 ; gain = 0.000 ; free physical = 21097 ; free virtual = 33552
Phase 6 Delay and Skew Optimization | Checksum: 2291f5d32

Time (s): cpu = 00:03:44 ; elapsed = 00:01:31 . Memory (MB): peak = 3599.676 ; gain = 0.000 ; free physical = 21097 ; free virtual = 33552

Phase 7 Post Hold Fix

Phase 7.1 Hold Fix Iter
INFO: [Route 35-416] Intermediate Timing Summary | WNS=0.410  | TNS=0.000  | WHS=-1.643 | THS=-5.137 |

Phase 7.1 Hold Fix Iter | Checksum: 29a050893

Time (s): cpu = 00:03:48 ; elapsed = 00:01:32 . Memory (MB): peak = 3599.676 ; gain = 0.000 ; free physical = 21093 ; free virtual = 33551

Phase 7.2 Non Free Resource Hold Fix Iter
Phase 7.2 Non Free Resource Hold Fix Iter | Checksum: 2dd7dbe3e

Time (s): cpu = 00:03:48 ; elapsed = 00:01:32 . Memory (MB): peak = 3599.676 ; gain = 0.000 ; free physical = 21093 ; free virtual = 33551
Phase 7 Post Hold Fix | Checksum: 2dd7dbe3e

Time (s): cpu = 00:03:49 ; elapsed = 00:01:32 . Memory (MB): peak = 3599.676 ; gain = 0.000 ; free physical = 21093 ; free virtual = 33551

Phase 8 Route finalize

Router Utilization Summary
  Global Vertical Routing Utilization    = 19.1301 %
  Global Horizontal Routing Utilization  = 20.5033 %
  Routable Net Status*
  *Does not include unroutable nets such as driverless and loadless.
  Run report_route_status for detailed report.
  Number of Failed Nets               = 0
    (Failed Nets is the sum of unrouted and partially routed nets)
  Number of Unrouted Nets             = 0
  Number of Partially Routed Nets     = 0
  Number of Node Overlaps             = 0

Phase 8 Route finalize | Checksum: 2dd7dbe3e

Time (s): cpu = 00:03:49 ; elapsed = 00:01:32 . Memory (MB): peak = 3599.676 ; gain = 0.000 ; free physical = 21093 ; free virtual = 33551

Phase 9 Verifying routed nets

 Verification completed successfully
Phase 9 Verifying routed nets | Checksum: 2dd7dbe3e

Time (s): cpu = 00:03:49 ; elapsed = 00:01:32 . Memory (MB): peak = 3599.676 ; gain = 0.000 ; free physical = 21093 ; free virtual = 33551

Phase 10 Depositing Routes
Phase 10 Depositing Routes | Checksum: 1f96cda53

Time (s): cpu = 00:03:54 ; elapsed = 00:01:35 . Memory (MB): peak = 3599.676 ; gain = 0.000 ; free physical = 21092 ; free virtual = 33547

Phase 11 Post Process Routing
Phase 11 Post Process Routing | Checksum: 1f96cda53

Time (s): cpu = 00:03:54 ; elapsed = 00:01:35 . Memory (MB): peak = 3599.676 ; gain = 0.000 ; free physical = 21093 ; free virtual = 33547

Phase 12 Post Router Timing

Phase 12.1 Update Timing
Phase 12.1 Update Timing | Checksum: 1f96cda53

Time (s): cpu = 00:03:57 ; elapsed = 00:01:35 . Memory (MB): peak = 3599.676 ; gain = 0.000 ; free physical = 21093 ; free virtual = 33548
INFO: [Route 35-57] Estimated Timing Summary | WNS=0.410  | TNS=0.000  | WHS=0.050  | THS=0.000  |

INFO: [Route 35-327] The final timing numbers are based on the router estimated timing analysis. For a complete and accurate timing signoff, please run report_timing_summary.
Phase 12 Post Router Timing | Checksum: 1f96cda53

Time (s): cpu = 00:03:57 ; elapsed = 00:01:35 . Memory (MB): peak = 3599.676 ; gain = 0.000 ; free physical = 21093 ; free virtual = 33548
Total Elapsed time in route_design: 95.43 secs

Phase 13 Post-Route Event Processing
Phase 13 Post-Route Event Processing | Checksum: 1ce15bbf2

Time (s): cpu = 00:03:57 ; elapsed = 00:01:35 . Memory (MB): peak = 3599.676 ; gain = 0.000 ; free physical = 21093 ; free virtual = 33548
INFO: [Route 35-16] Router Completed Successfully
Ending Routing Task | Checksum: 1ce15bbf2

Time (s): cpu = 00:03:57 ; elapsed = 00:01:36 . Memory (MB): peak = 3599.676 ; gain = 0.000 ; free physical = 21091 ; free virtual = 33547

Routing Is Done.
INFO: [Common 17-83] Releasing license: Implementation
149 Infos, 0 Warnings, 0 Critical Warnings and 0 Errors encountered.
route_design completed successfully
route_design: Time (s): cpu = 00:03:57 ; elapsed = 00:01:36 . Memory (MB): peak = 3599.676 ; gain = 0.000 ; free physical = 21182 ; free virtual = 33638
INFO: [Vivado 12-24828] Executing command : report_drc -file rvfpga_drc_routed.rpt -pb rvfpga_drc_routed.pb -rpx rvfpga_drc_routed.rpx
Command: report_drc -file rvfpga_drc_routed.rpt -pb rvfpga_drc_routed.pb -rpx rvfpga_drc_routed.rpx
INFO: [IP_Flow 19-1839] IP Catalog is up to date.
INFO: [DRC 23-27] Running DRC with 8 threads
INFO: [Vivado_Tcl 2-168] The results of DRC are in file /home/gost/Desktop/Repositories/RVfpgaSoC-Labs/Lab1/Lab1.runs/impl_1/rvfpga_drc_routed.rpt.
report_drc completed successfully
INFO: [Vivado 12-24828] Executing command : report_methodology -file rvfpga_methodology_drc_routed.rpt -pb rvfpga_methodology_drc_routed.pb -rpx rvfpga_methodology_drc_routed.rpx
Command: report_methodology -file rvfpga_methodology_drc_routed.rpt -pb rvfpga_methodology_drc_routed.pb -rpx rvfpga_methodology_drc_routed.rpx
INFO: [Timing 38-35] Done setting XDC timing constraints.
INFO: [DRC 23-133] Running Methodology with 8 threads
INFO: [Vivado_Tcl 2-1520] The results of Report Methodology are in file /home/gost/Desktop/Repositories/RVfpgaSoC-Labs/Lab1/Lab1.runs/impl_1/rvfpga_methodology_drc_routed.rpt.
report_methodology completed successfully
report_methodology: Time (s): cpu = 00:00:33 ; elapsed = 00:00:05 . Memory (MB): peak = 3599.676 ; gain = 0.000 ; free physical = 21167 ; free virtual = 33625
INFO: [Vivado 12-24828] Executing command : report_timing_summary -max_paths 10 -report_unconstrained -file rvfpga_timing_summary_routed.rpt -pb rvfpga_timing_summary_routed.pb -rpx rvfpga_timing_summary_routed.rpx -warn_on_violation 
INFO: [Timing 38-35] Done setting XDC timing constraints.
INFO: [Timing 38-91] UpdateTimingParams: Speed grade: -1, Delay Type: min_max.
INFO: [Timing 38-191] Multithreading enabled for timing update using a maximum of 8 CPUs
INFO: [Vivado 12-24838] Running report commands "report_bus_skew, report_incremental_reuse, report_route_status" in parallel.
Running report generation with 3 threads.
INFO: [Vivado 12-24828] Executing command : report_incremental_reuse -file rvfpga_incremental_reuse_routed.rpt
INFO: [Vivado_Tcl 4-1062] Incremental flow is disabled. No incremental reuse Info to report.
INFO: [Vivado 12-24828] Executing command : report_bus_skew -warn_on_violation -file rvfpga_bus_skew_routed.rpt -pb rvfpga_bus_skew_routed.pb -rpx rvfpga_bus_skew_routed.rpx
INFO: [Timing 38-91] UpdateTimingParams: Speed grade: -1, Delay Type: min_max.
INFO: [Timing 38-191] Multithreading enabled for timing update using a maximum of 8 CPUs
INFO: [Vivado 12-24828] Executing command : report_route_status -file rvfpga_route_status.rpt -pb rvfpga_route_status.pb
INFO: [Vivado 12-24828] Executing command : report_power -file rvfpga_power_routed.rpt -pb rvfpga_power_summary_routed.pb -rpx rvfpga_power_routed.rpx
Command: report_power -file rvfpga_power_routed.rpt -pb rvfpga_power_summary_routed.pb -rpx rvfpga_power_routed.rpx
INFO: [Power 33-23] Power model is not available for STARTUPE2
Running Vector-less Activity Propagation...

Finished Running Vector-less Activity Propagation
WARNING: [Power 33-332] Found switching activity that implies high-fanout reset nets being asserted for excessive periods of time which may result in inaccurate power analysis.
Resolution: To review and fix problems, please run Power Constraints Advisor in the GUI from Tools > Power Constraints Advisor or run report_power with the -advisory option to generate a text report.
170 Infos, 1 Warnings, 0 Critical Warnings and 0 Errors encountered.
report_power completed successfully
report_power: Time (s): cpu = 00:00:20 ; elapsed = 00:00:09 . Memory (MB): peak = 3599.676 ; gain = 0.000 ; free physical = 21137 ; free virtual = 33617
INFO: [Vivado 12-24828] Executing command : report_clock_utilization -file rvfpga_clock_utilization_routed.rpt
generate_parallel_reports: Time (s): cpu = 00:01:15 ; elapsed = 00:00:21 . Memory (MB): peak = 3599.676 ; gain = 0.000 ; free physical = 21124 ; free virtual = 33606
INFO: [Timing 38-480] Writing timing data to binary archive.
Wrote PlaceDB: Time (s): cpu = 00:00:00 ; elapsed = 00:00:00 . Memory (MB): peak = 3599.676 ; gain = 0.000 ; free physical = 21124 ; free virtual = 33606
Wrote PulsedLatchDB: Time (s): cpu = 00:00:00 ; elapsed = 00:00:00 . Memory (MB): peak = 3599.676 ; gain = 0.000 ; free physical = 21124 ; free virtual = 33606
Writing XDEF routing.
Writing XDEF routing logical nets.
Write ShapeDB Complete: Time (s): cpu = 00:00:00.29 ; elapsed = 00:00:00.06 . Memory (MB): peak = 3599.676 ; gain = 0.000 ; free physical = 21124 ; free virtual = 33611
Writing XDEF routing special nets.
Wrote RouteStorage: Time (s): cpu = 00:00:02 ; elapsed = 00:00:00.38 . Memory (MB): peak = 3599.676 ; gain = 0.000 ; free physical = 21110 ; free virtual = 33617
Wrote PlaceStorage: Time (s): cpu = 00:00:03 ; elapsed = 00:00:01 . Memory (MB): peak = 3599.676 ; gain = 0.000 ; free physical = 21060 ; free virtual = 33601
Wrote Netlist Cache: Time (s): cpu = 00:00:00.05 ; elapsed = 00:00:00.02 . Memory (MB): peak = 3599.676 ; gain = 0.000 ; free physical = 21056 ; free virtual = 33601
Wrote Device Cache: Time (s): cpu = 00:00:00.01 ; elapsed = 00:00:00.01 . Memory (MB): peak = 3599.676 ; gain = 0.000 ; free physical = 21056 ; free virtual = 33601
Write Physdb Complete: Time (s): cpu = 00:00:05 ; elapsed = 00:00:02 . Memory (MB): peak = 3599.676 ; gain = 0.000 ; free physical = 21056 ; free virtual = 33602
INFO: [Common 17-1381] The checkpoint '/home/gost/Desktop/Repositories/RVfpgaSoC-Labs/Lab1/Lab1.runs/impl_1/rvfpga_routed.dcp' has been generated.
source /home/gost/Desktop/Repositories/RVfpgaSoC-Labs/Lab1/script.tcl
Command: write_bitstream -force rvfpga.bit
Attempting to get a license for feature 'Implementation' and/or device 'xc7a100t'
INFO: [Common 17-349] Got license for feature 'Implementation' and/or device 'xc7a100t'
Running DRC as a precondition to command write_bitstream
INFO: [IP_Flow 19-1839] IP Catalog is up to date.
INFO: [DRC 23-27] Running DRC with 8 threads
INFO: [Vivado 12-3199] DRC finished with 0 Errors
INFO: [Vivado 12-3200] Please refer to the DRC report (report_drc) for more information.
Integrating Hard IP ELF/MEM with the PDI.
INFO: [Designutils 20-2272] Running write_bitstream with 8 threads.
Loading data files...
Loading site data...
Loading route data...
Processing options...
Creating bitmap...
Creating bitstream...
Writing bitstream ./rvfpga.bit...
INFO: [Vivado 12-1842] Bitgen Completed Successfully.
INFO: [Common 17-83] Releasing license: Implementation
181 Infos, 1 Warnings, 0 Critical Warnings and 0 Errors encountered.
write_bitstream completed successfully
write_bitstream: Time (s): cpu = 00:00:53 ; elapsed = 00:00:32 . Memory (MB): peak = 3759.746 ; gain = 160.070 ; free physical = 19953 ; free virtual = 32477
INFO: [Common 17-206] Exiting Vivado at Thu Feb 26 08:50:38 2026...
